Log file open, 03/04/22 12:36:44
LogWindows: Failed to load 'aqProf.dll' (GetLastError=126)
LogWindows: File 'aqProf.dll' does not exist
LogWindows: Failed to load 'VtuneApi.dll' (GetLastError=126)
LogWindows: File 'VtuneApi.dll' does not exist
LogWindows: Failed to load 'VtuneApi32e.dll' (GetLastError=126)
LogWindows: File 'VtuneApi32e.dll' does not exist
LogConsoleResponse: Display: Failed to find resolution value strings in scalability ini. Falling back to default.
LogConsoleResponse: Display: Failed to find resolution value strings in scalability ini. Falling back to default.
LogInit: Display: Running engine for game: MidTermAssignment
LogPlatformFile: Not using cached read wrapper
LogTaskGraph: Started task graph with 5 named threads and 23 total threads with 3 sets of task threads.
LogStats: Stats thread started at 0.252144
LogICUInternationalization: ICU TimeZone Detection - Raw Offset: -5:00, Platform Override: ''
LogInit: Display: Loading text-based GConfig....
LogPluginManager: Mounting plugin MeshPainting
LogPluginManager: Mounting plugin XGEController
LogPluginManager: Mounting plugin Paper2D
LogPluginManager: Mounting plugin LiveLink
LogPluginManager: Mounting plugin AISupport
LogPluginManager: Mounting plugin EnvironmentQueryEditor
LogPluginManager: Mounting plugin CameraShakePreviewer
LogPluginManager: Mounting plugin GameplayCameras
LogPluginManager: Mounting plugin LightPropagationVolume
LogPluginManager: Mounting plugin OodleData
LogPluginManager: Mounting plugin OodleNetwork
LogPluginManager: Mounting plugin AssetManagerEditor
LogPluginManager: Mounting plugin CryptoKeys
LogPluginManager: Mounting plugin CurveEditorTools
LogPluginManager: Mounting plugin DataValidation
LogPluginManager: Mounting plugin FacialAnimation
LogPluginManager: Mounting plugin GameplayTagsEditor
LogPluginManager: Mounting plugin GeometryMode
LogPluginManager: Mounting plugin MacGraphicsSwitching
LogPluginManager: Mounting plugin MaterialAnalyzer
LogPluginManager: Mounting plugin PluginBrowser
LogPluginManager: Mounting plugin MobileLauncherProfileWizard
LogPluginManager: Mounting plugin SpeedTreeImporter
LogPluginManager: Mounting plugin DatasmithContent
LogPluginManager: Mounting plugin Niagara
LogPluginManager: Mounting plugin CLionSourceCodeAccess
LogPluginManager: Mounting plugin VariantManagerContent
LogPluginManager: Mounting plugin CodeLiteSourceCodeAccess
LogPluginManager: Mounting plugin GitSourceControl
LogPluginManager: Mounting plugin KDevelopSourceCodeAccess
LogPluginManager: Mounting plugin NullSourceCodeAccess
LogPluginManager: Mounting plugin PerforceSourceControl
LogPluginManager: Mounting plugin PixWinPlugin
LogPluginManager: Mounting plugin PlasticSourceControl
LogPluginManager: Mounting plugin AnimationSharing
LogPluginManager: Mounting plugin PluginUtils
LogPluginManager: Mounting plugin PropertyAccessNode
LogPluginManager: Mounting plugin RiderSourceCodeAccess
LogPluginManager: Mounting plugin SubversionSourceControl
LogPluginManager: Mounting plugin TextureFormatOodle
LogPluginManager: Mounting plugin UObjectPlugin
LogPluginManager: Mounting plugin LuminPlatformFeatures
LogPluginManager: Mounting plugin VisualStudioCodeSourceCodeAccess
LogPluginManager: Mounting plugin VisualStudioSourceCodeAccess
LogPluginManager: Mounting plugin XCodeSourceCodeAccess
LogPluginManager: Mounting plugin MagicLeap
LogPluginManager: Mounting plugin AlembicImporter
LogPluginManager: Mounting plugin AutomationUtils
LogPluginManager: Mounting plugin BackChannel
LogPluginManager: Mounting plugin MagicLeapLightEstimation
LogPluginManager: Mounting plugin ChaosCloth
LogPluginManager: Mounting plugin ChaosClothEditor
LogPluginManager: Mounting plugin MagicLeapMedia
LogPluginManager: Mounting plugin ChaosEditor
LogPluginManager: Mounting plugin ChaosNiagara
LogPluginManager: Mounting plugin ChaosSolverPlugin
LogPluginManager: Mounting plugin MagicLeapPassableWorld
LogPluginManager: Mounting plugin CharacterAI
LogPluginManager: Mounting plugin MLSDK
LogPluginManager: Mounting plugin GeometryCache
LogPluginManager: Mounting plugin GeometryCollectionPlugin
LogPluginManager: Mounting plugin GeometryProcessing
LogPluginManager: Mounting plugin OpenImageDenoise
LogPluginManager: Mounting plugin MotoSynth
LogPluginManager: Mounting plugin PlatformCrypto
LogPluginManager: Mounting plugin PlanarCut
LogPluginManager: Mounting plugin ProxyLODPlugin
LogPluginManager: Mounting plugin PythonScriptPlugin
LogPluginManager: Mounting plugin SkeletalReduction
LogPluginManager: Mounting plugin AndroidMedia
LogPluginManager: Mounting plugin AvfMedia
LogPluginManager: Mounting plugin ImgMedia
LogPluginManager: Mounting plugin MediaCompositing
LogPluginManager: Mounting plugin MediaPlayerEditor
LogPluginManager: Mounting plugin WebMMedia
LogPluginManager: Mounting plugin WmfMedia
LogPluginManager: Mounting plugin TcpMessaging
LogPluginManager: Mounting plugin UdpMessaging
LogPluginManager: Mounting plugin ActorSequence
LogPluginManager: Mounting plugin MatineeToLevelSequence
LogPluginManager: Mounting plugin LevelSequenceEditor
LogPluginManager: Mounting plugin TemplateSequence
LogPluginManager: Mounting plugin OnlineSubsystem
LogPluginManager: Mounting plugin LauncherChunkInstaller
LogPluginManager: Mounting plugin OnlineSubsystemNull
LogPluginManager: Mounting plugin OnlineSubsystemUtils
LogPluginManager: Mounting plugin ActorLayerUtilities
LogPluginManager: Mounting plugin AndroidDeviceProfileSelector
LogPluginManager: Mounting plugin AndroidMoviePlayer
LogPluginManager: Mounting plugin AndroidPermission
LogPluginManager: Mounting plugin AppleImageUtils
LogPluginManager: Mounting plugin AppleMoviePlayer
LogPluginManager: Mounting plugin AssetTags
LogPluginManager: Mounting plugin ArchVisCharacter
LogPluginManager: Mounting plugin AudioCapture
LogPluginManager: Mounting plugin AudioSynesthesia
LogPluginManager: Mounting plugin CableComponent
LogPluginManager: Mounting plugin ChunkDownloader
LogPluginManager: Mounting plugin CustomMeshComponent
LogPluginManager: Mounting plugin ExampleDeviceProfileSelector
LogPluginManager: Mounting plugin EditableMesh
LogPluginManager: Mounting plugin GoogleCloudMessaging
LogPluginManager: Mounting plugin GooglePAD
LogPluginManager: Mounting plugin ScreenshotTools
LogPluginManager: Mounting plugin IOSDeviceProfileSelector
LogPluginManager: Mounting plugin LinuxDeviceProfileSelector
LogPluginManager: Mounting plugin LocationServicesBPLibrary
LogPluginManager: Mounting plugin MobilePatchingUtils
LogPluginManager: Mounting plugin OpenXR
LogPluginManager: Mounting plugin OpenXREyeTracker
LogPluginManager: Mounting plugin OpenXRHandTracking
LogPluginManager: Mounting plugin PhysXVehicles
LogPluginManager: Mounting plugin Takes
LogPluginManager: Mounting plugin PostSplashScreen
LogPluginManager: Mounting plugin ProceduralMeshComponent
LogPluginManager: Mounting plugin PropertyAccessEditor
LogPluginManager: Mounting plugin RuntimePhysXCooking
LogPluginManager: Mounting plugin SignificanceManager
LogPluginManager: Mounting plugin SoundFields
LogPluginManager: Mounting plugin Synthesis
LogPluginManager: Mounting plugin WebMMoviePlayer
LogPluginManager: Mounting plugin WindowsMoviePlayer
LogPluginManager: Mounting plugin ContentBrowserAssetDataSource
LogPluginManager: Mounting plugin ContentBrowserClassDataSource
LogPluginManager: Mounting plugin ContentBrowserFileDataSource
LogPluginManager: Mounting plugin OnlineSubsystemGooglePlay
LogPluginManager: Mounting plugin OnlineSubsystemIOS
LogPluginManager: Mounting plugin OculusVR
LogPluginManager: Mounting plugin SteamVR
PixWinPlugin: PIX capture plugin failed to initialize! Check that the process is launched from PIX.
LogLuminAPIImpl: Warning: MLSDK not found.  This likely means the MLSDK environment variable is not set.
LogInit: Using libcurl 7.55.1-DEV
LogInit:  - built for x86_64-pc-win32
LogInit:  - supports SSL with OpenSSL/1.1.1
LogInit:  - supports HTTP deflate (compression) using libz 1.2.8
LogInit:  - other features:
LogInit:      CURL_VERSION_SSL
LogInit:      CURL_VERSION_LIBZ
LogInit:      CURL_VERSION_IPV6
LogInit:      CURL_VERSION_ASYNCHDNS
LogInit:      CURL_VERSION_LARGEFILE
LogInit:      CURL_VERSION_IDN
LogInit:  CurlRequestOptions (configurable via config and command line):
LogInit:  - bVerifyPeer = true  - Libcurl will verify peer certificate
LogInit:  - bUseHttpProxy = false  - Libcurl will NOT use HTTP proxy
LogInit:  - bDontReuseConnections = false  - Libcurl will reuse connections
LogInit:  - MaxHostConnections = 16  - Libcurl will limit the number of connections to a host
LogInit:  - LocalHostAddr = Default
LogInit:  - BufferSize = 65536
LogOnline: OSS: Creating online subsystem instance for: NULL
LogInit: WinSock: version 1.1 (2.2), MaxSocks=32767, MaxUdp=65467
LogOnline: OSS: TryLoadSubsystemAndSetDefault: Loaded subsystem for module [NULL]
LogOculusPluginWrapper: OculusPlugin initialized successfully
LogHMD: Failed initializing OVRPlugin 1.59.0
LogInit: Build: ++UE4+Release-4.27-CL-18319896
LogInit: Engine Version: 4.27.2-18319896+++UE4+Release-4.27
LogInit: Compatible Engine Version: 4.27.0-17155196+++UE4+Release-4.27
LogInit: Net CL: 17155196
LogInit: OS: Windows 10 (Release 2009) (), CPU: 11th Gen Intel(R) Core(TM) i5-11300H @ 3.10GHz, GPU: Intel(R) Iris(R) Xe Graphics
LogInit: Compiled (64-bit): Nov 30 2021 07:12:08
LogInit: Compiled with Visual C++: 19.24.28315.00
LogInit: Build Configuration: Development
LogInit: Branch Name: ++UE4+Release-4.27
LogInit: Command Line: 
LogInit: Base Directory: C:/Program Files/Epic Games/UE_4.27/Engine/Binaries/Win64/
LogInit: Allocator: TBB
LogInit: Installed Engine Build: 1
LogDevObjectVersion: Number of dev versions registered: 29
LogDevObjectVersion:   Dev-Blueprints (B0D832E4-1F89-4F0D-ACCF-7EB736FD4AA2): 10
LogDevObjectVersion:   Dev-Build (E1C64328-A22C-4D53-A36C-8E866417BD8C): 0
LogDevObjectVersion:   Dev-Core (375EC13C-06E4-48FB-B500-84F0262A717E): 4
LogDevObjectVersion:   Dev-Editor (E4B068ED-F494-42E9-A231-DA0B2E46BB41): 40
LogDevObjectVersion:   Dev-Framework (CFFC743F-43B0-4480-9391-14DF171D2073): 37
LogDevObjectVersion:   Dev-Mobile (B02B49B5-BB20-44E9-A304-32B752E40360): 3
LogDevObjectVersion:   Dev-Networking (A4E4105C-59A1-49B5-A7C5-40C4547EDFEE): 0
LogDevObjectVersion:   Dev-Online (39C831C9-5AE6-47DC-9A44-9C173E1C8E7C): 0
LogDevObjectVersion:   Dev-Physics (78F01B33-EBEA-4F98-B9B4-84EACCB95AA2): 14
LogDevObjectVersion:   Dev-Platform (6631380F-2D4D-43E0-8009-CF276956A95A): 0
LogDevObjectVersion:   Dev-Rendering (12F88B9F-8875-4AFC-A67C-D90C383ABD29): 45
LogDevObjectVersion:   Dev-Sequencer (7B5AE74C-D270-4C10-A958-57980B212A5A): 13
LogDevObjectVersion:   Dev-VR (D7296918-1DD6-4BDD-9DE2-64A83CC13884): 3
LogDevObjectVersion:   Dev-LoadTimes (C2A15278-BFE7-4AFE-6C17-90FF531DF755): 1
LogDevObjectVersion:   Private-Geometry (6EACA3D4-40EC-4CC1-B786-8BED09428FC5): 3
LogDevObjectVersion:   Dev-AnimPhys (29E575DD-E0A3-4627-9D10-D276232CDCEA): 17
LogDevObjectVersion:   Dev-Anim (AF43A65D-7FD3-4947-9873-3E8ED9C1BB05): 15
LogDevObjectVersion:   Dev-ReflectionCapture (6B266CEC-1EC7-4B8F-A30B-E4D90942FC07): 1
LogDevObjectVersion:   Dev-Automation (0DF73D61-A23F-47EA-B727-89E90C41499A): 1
LogDevObjectVersion:   FortniteMain (601D1886-AC64-4F84-AA16-D3DE0DEAC7D6): 47
LogDevObjectVersion:   FortniteRelease (E7086368-6B23-4C58-8439-1B7016265E91): 1
LogDevObjectVersion:   Dev-Enterprise (9DFFBCD6-494F-0158-E221-12823C92A888): 10
LogDevObjectVersion:   Dev-Niagara (F2AED0AC-9AFE-416F-8664-AA7FFA26D6FC): 1
LogDevObjectVersion:   Dev-Destruction (174F1F0B-B4C6-45A5-B13F-2EE8D0FB917D): 10
LogDevObjectVersion:   Dev-Physics-Ext (35F94A83-E258-406C-A318-09F59610247C): 41
LogDevObjectVersion:   Dev-PhysicsMaterial-Chaos (B68FC16E-8B1B-42E2-B453-215C058844FE): 1
LogDevObjectVersion:   Dev-CineCamera (B2E18506-4273-CFC2-A54E-F4BB758BBA07): 1
LogDevObjectVersion:   Dev-VirtualProduction (64F58936-FD1B-42BA-BA96-7289D5D0FA4E): 1
LogDevObjectVersion:   Dev-MediaFramework (6F0ED827-A609-4895-9C91-998D90180EA4): 2
LogInit: Presizing for max 25165824 objects, including 0 objects not considered by GC, pre-allocating 0 bytes for permanent pool.
LogConfig: Applying CVar settings from Section [/Script/Engine.StreamingSettings] File [C:/Users/majda/Documents/MidTermAssignment/MidTermAssignment/Saved/Config/Windows/Engine.ini]
LogConfig: Setting CVar [[s.MinBulkDataSizeForAsyncLoading:131072]]
LogConfig: Setting CVar [[s.AsyncLoadingThreadEnabled:0]]
LogConfig: Setting CVar [[s.EventDrivenLoaderEnabled:1]]
LogConfig: Setting CVar [[s.WarnIfTimeLimitExceeded:0]]
LogConfig: Setting CVar [[s.TimeLimitExceededMultiplier:1.5]]
LogConfig: Setting CVar [[s.TimeLimitExceededMinTime:0.005]]
LogConfig: Setting CVar [[s.UseBackgroundLevelStreaming:1]]
LogConfig: Setting CVar [[s.PriorityAsyncLoadingExtraTime:15.0]]
LogConfig: Setting CVar [[s.LevelStreamingActorsUpdateTimeLimit:5.0]]
LogConfig: Setting CVar [[s.PriorityLevelStreamingActorsUpdateExtraTime:5.0]]
LogConfig: Setting CVar [[s.LevelStreamingComponentsRegistrationGranularity:10]]
LogConfig: Setting CVar [[s.UnregisterComponentsTimeLimit:1.0]]
LogConfig: Setting CVar [[s.LevelStreamingComponentsUnregistrationGranularity:5]]
LogConfig: Setting CVar [[s.FlushStreamingOnExit:1]]
LogInit: Object subsystem initialized
LogConfig: Setting CVar [[con.DebugEarlyDefault:1]]
LogConfig: Setting CVar [[r.setres:1280x720]]
[2022.03.04-17.36.45:033][  0]LogConfig: Setting CVar [[r.VSync:0]]
[2022.03.04-17.36.45:033][  0]LogConfig: Setting CVar [[r.RHICmdBypass:0]]
[2022.03.04-17.36.45:033][  0]LogConfig: Applying CVar settings from Section [/Script/Engine.RendererSettings] File [C:/Users/majda/Documents/MidTermAssignment/MidTermAssignment/Saved/Config/Windows/Engine.ini]
[2022.03.04-17.36.45:033][  0]LogConfig: Setting CVar [[r.GPUCrashDebugging:0]]
[2022.03.04-17.36.45:033][  0]LogConfig: Applying CVar settings from Section [/Script/Engine.RendererOverrideSettings] File [C:/Users/majda/Documents/MidTermAssignment/MidTermAssignment/Saved/Config/Windows/Engine.ini]
[2022.03.04-17.36.45:033][  0]LogConfig: Applying CVar settings from Section [/Script/Engine.StreamingSettings] File [C:/Users/majda/Documents/MidTermAssignment/MidTermAssignment/Saved/Config/Windows/Engine.ini]
[2022.03.04-17.36.45:033][  0]LogConfig: Setting CVar [[s.MinBulkDataSizeForAsyncLoading:131072]]
[2022.03.04-17.36.45:033][  0]LogConfig: Setting CVar [[s.AsyncLoadingThreadEnabled:0]]
[2022.03.04-17.36.45:033][  0]LogConfig: Setting CVar [[s.EventDrivenLoaderEnabled:1]]
[2022.03.04-17.36.45:033][  0]LogConfig: Setting CVar [[s.WarnIfTimeLimitExceeded:0]]
[2022.03.04-17.36.45:033][  0]LogConfig: Setting CVar [[s.TimeLimitExceededMultiplier:1.5]]
[2022.03.04-17.36.45:033][  0]LogConfig: Setting CVar [[s.TimeLimitExceededMinTime:0.005]]
[2022.03.04-17.36.45:033][  0]LogConfig: Setting CVar [[s.UseBackgroundLevelStreaming:1]]
[2022.03.04-17.36.45:033][  0]LogConfig: Setting CVar [[s.PriorityAsyncLoadingExtraTime:15.0]]
[2022.03.04-17.36.45:033][  0]LogConfig: Setting CVar [[s.LevelStreamingActorsUpdateTimeLimit:5.0]]
[2022.03.04-17.36.45:033][  0]LogConfig: Setting CVar [[s.PriorityLevelStreamingActorsUpdateExtraTime:5.0]]
[2022.03.04-17.36.45:033][  0]LogConfig: Setting CVar [[s.LevelStreamingComponentsRegistrationGranularity:10]]
[2022.03.04-17.36.45:033][  0]LogConfig: Setting CVar [[s.UnregisterComponentsTimeLimit:1.0]]
[2022.03.04-17.36.45:033][  0]LogConfig: Setting CVar [[s.LevelStreamingComponentsUnregistrationGranularity:5]]
[2022.03.04-17.36.45:033][  0]LogConfig: Setting CVar [[s.FlushStreamingOnExit:1]]
[2022.03.04-17.36.45:033][  0]LogConfig: Applying CVar settings from Section [/Script/Engine.GarbageCollectionSettings] File [C:/Users/majda/Documents/MidTermAssignment/MidTermAssignment/Saved/Config/Windows/Engine.ini]
[2022.03.04-17.36.45:033][  0]LogConfig: Setting CVar [[gc.MaxObjectsNotConsideredByGC:1]]
[2022.03.04-17.36.45:033][  0]LogConfig: Setting CVar [[gc.SizeOfPermanentObjectPool:0]]
[2022.03.04-17.36.45:033][  0]LogConfig: Setting CVar [[gc.FlushStreamingOnGC:0]]
[2022.03.04-17.36.45:033][  0]LogConfig: Setting CVar [[gc.NumRetriesBeforeForcingGC:10]]
[2022.03.04-17.36.45:033][  0]LogConfig: Setting CVar [[gc.AllowParallelGC:1]]
[2022.03.04-17.36.45:033][  0]LogConfig: Setting CVar [[gc.TimeBetweenPurgingPendingKillObjects:61.1]]
[2022.03.04-17.36.45:033][  0]LogConfig: Setting CVar [[gc.MaxObjectsInEditor:25165824]]
[2022.03.04-17.36.45:033][  0]LogConfig: Setting CVar [[gc.IncrementalBeginDestroyEnabled:1]]
[2022.03.04-17.36.45:033][  0]LogConfig: Setting CVar [[gc.CreateGCClusters:1]]
[2022.03.04-17.36.45:033][  0]LogConfig: Setting CVar [[gc.MinGCClusterSize:5]]
[2022.03.04-17.36.45:033][  0]LogConfig: Setting CVar [[gc.ActorClusteringEnabled:0]]
[2022.03.04-17.36.45:033][  0]LogConfig: Setting CVar [[gc.BlueprintClusteringEnabled:0]]
[2022.03.04-17.36.45:033][  0]LogConfig: Setting CVar [[gc.UseDisregardForGCOnDedicatedServers:0]]
[2022.03.04-17.36.45:033][  0]LogConfig: Setting CVar [[gc.MultithreadedDestructionEnabled:1]]
[2022.03.04-17.36.45:033][  0]LogConfig: Applying CVar settings from Section [/Script/Engine.NetworkSettings] File [C:/Users/majda/Documents/MidTermAssignment/MidTermAssignment/Saved/Config/Windows/Engine.ini]
[2022.03.04-17.36.45:033][  0]LogConfig: Applying CVar settings from Section [/Script/UnrealEd.CookerSettings] File [C:/Users/majda/Documents/MidTermAssignment/MidTermAssignment/Saved/Config/Windows/Engine.ini]
[2022.03.04-17.36.45:040][  0]LogConfig: Applying CVar settings from Section [ViewDistanceQuality@3] File [C:/Users/majda/Documents/MidTermAssignment/MidTermAssignment/Saved/Config/Windows/Scalability.ini]
[2022.03.04-17.36.45:040][  0]LogConfig: Setting CVar [[r.SkeletalMeshLODBias:0]]
[2022.03.04-17.36.45:040][  0]LogConfig: Setting CVar [[r.ViewDistanceScale:1.0]]
[2022.03.04-17.36.45:040][  0]LogConfig: Applying CVar settings from Section [AntiAliasingQuality@3] File [C:/Users/majda/Documents/MidTermAssignment/MidTermAssignment/Saved/Config/Windows/Scalability.ini]
[2022.03.04-17.36.45:040][  0]LogConfig: Setting CVar [[r.PostProcessAAQuality:4]]
[2022.03.04-17.36.45:040][  0]LogConfig: Applying CVar settings from Section [ShadowQuality@3] File [C:/Users/majda/Documents/MidTermAssignment/MidTermAssignment/Saved/Config/Windows/Scalability.ini]
[2022.03.04-17.36.45:040][  0]LogConfig: Setting CVar [[r.LightFunctionQuality:1]]
[2022.03.04-17.36.45:040][  0]LogConfig: Setting CVar [[r.ShadowQuality:5]]
[2022.03.04-17.36.45:040][  0]LogConfig: Setting CVar [[r.Shadow.CSM.MaxCascades:10]]
[2022.03.04-17.36.45:040][  0]LogConfig: Setting CVar [[r.Shadow.MaxResolution:2048]]
[2022.03.04-17.36.45:040][  0]LogConfig: Setting CVar [[r.Shadow.MaxCSMResolution:2048]]
[2022.03.04-17.36.45:040][  0]LogConfig: Setting CVar [[r.Shadow.RadiusThreshold:0.01]]
[2022.03.04-17.36.45:040][  0]LogConfig: Setting CVar [[r.Shadow.DistanceScale:1.0]]
[2022.03.04-17.36.45:040][  0]LogConfig: Setting CVar [[r.Shadow.CSM.TransitionScale:1.0]]
[2022.03.04-17.36.45:040][  0]LogConfig: Setting CVar [[r.Shadow.PreShadowResolutionFactor:1.0]]
[2022.03.04-17.36.45:040][  0]LogConfig: Setting CVar [[r.DistanceFieldShadowing:1]]
[2022.03.04-17.36.45:040][  0]LogConfig: Setting CVar [[r.DistanceFieldAO:1]]
[2022.03.04-17.36.45:040][  0]LogConfig: Setting CVar [[r.AOQuality:2]]
[2022.03.04-17.36.45:040][  0]LogConfig: Setting CVar [[r.VolumetricFog:1]]
[2022.03.04-17.36.45:040][  0]LogConfig: Setting CVar [[r.VolumetricFog.GridPixelSize:8]]
[2022.03.04-17.36.45:040][  0]LogConfig: Setting CVar [[r.VolumetricFog.GridSizeZ:128]]
[2022.03.04-17.36.45:040][  0]LogConfig: Setting CVar [[r.VolumetricFog.HistoryMissSupersampleCount:4]]
[2022.03.04-17.36.45:040][  0]LogConfig: Setting CVar [[r.LightMaxDrawDistanceScale:1]]
[2022.03.04-17.36.45:040][  0]LogConfig: Setting CVar [[r.CapsuleShadows:1]]
[2022.03.04-17.36.45:040][  0]LogConfig: Applying CVar settings from Section [PostProcessQuality@3] File [C:/Users/majda/Documents/MidTermAssignment/MidTermAssignment/Saved/Config/Windows/Scalability.ini]
[2022.03.04-17.36.45:040][  0]LogConfig: Setting CVar [[r.MotionBlurQuality:4]]
[2022.03.04-17.36.45:040][  0]LogConfig: Setting CVar [[r.AmbientOcclusionMipLevelFactor:0.4]]
[2022.03.04-17.36.45:040][  0]LogConfig: Setting CVar [[r.AmbientOcclusionMaxQuality:100]]
[2022.03.04-17.36.45:040][  0]LogConfig: Setting CVar [[r.AmbientOcclusionLevels:-1]]
[2022.03.04-17.36.45:040][  0]LogConfig: Setting CVar [[r.AmbientOcclusionRadiusScale:1.0]]
[2022.03.04-17.36.45:040][  0]LogConfig: Setting CVar [[r.DepthOfFieldQuality:2]]
[2022.03.04-17.36.45:040][  0]LogConfig: Setting CVar [[r.RenderTargetPoolMin:400]]
[2022.03.04-17.36.45:040][  0]LogConfig: Setting CVar [[r.LensFlareQuality:2]]
[2022.03.04-17.36.45:040][  0]LogConfig: Setting CVar [[r.SceneColorFringeQuality:1]]
[2022.03.04-17.36.45:040][  0]LogConfig: Setting CVar [[r.EyeAdaptationQuality:2]]
[2022.03.04-17.36.45:040][  0]LogConfig: Setting CVar [[r.BloomQuality:5]]
[2022.03.04-17.36.45:040][  0]LogConfig: Setting CVar [[r.FastBlurThreshold:100]]
[2022.03.04-17.36.45:040][  0]LogConfig: Setting CVar [[r.Upscale.Quality:3]]
[2022.03.04-17.36.45:040][  0]LogConfig: Setting CVar [[r.Tonemapper.GrainQuantization:1]]
[2022.03.04-17.36.45:040][  0]LogConfig: Setting CVar [[r.LightShaftQuality:1]]
[2022.03.04-17.36.45:040][  0]LogConfig: Setting CVar [[r.Filter.SizeScale:1]]
[2022.03.04-17.36.45:040][  0]LogConfig: Setting CVar [[r.Tonemapper.Quality:5]]
[2022.03.04-17.36.45:040][  0]LogConfig: Setting CVar [[r.DOF.Gather.AccumulatorQuality:1        ; higher gathering accumulator quality]]
[2022.03.04-17.36.45:040][  0]LogConfig: Setting CVar [[r.DOF.Gather.PostfilterMethod:1          ; Median3x3 postfilering method]]
[2022.03.04-17.36.45:040][  0]LogConfig: Setting CVar [[r.DOF.Gather.EnableBokehSettings:0       ; no bokeh simulation when gathering]]
[2022.03.04-17.36.45:040][  0]LogConfig: Setting CVar [[r.DOF.Gather.RingCount:4                 ; medium number of samples when gathering]]
[2022.03.04-17.36.45:040][  0]LogConfig: Setting CVar [[r.DOF.Scatter.ForegroundCompositing:1    ; additive foreground scattering]]
[2022.03.04-17.36.45:040][  0]LogConfig: Setting CVar [[r.DOF.Scatter.BackgroundCompositing:2    ; additive background scattering]]
[2022.03.04-17.36.45:040][  0]LogConfig: Setting CVar [[r.DOF.Scatter.EnableBokehSettings:1      ; bokeh simulation when scattering]]
[2022.03.04-17.36.45:040][  0]LogConfig: Setting CVar [[r.DOF.Scatter.MaxSpriteRatio:0.1         ; only a maximum of 10% of scattered bokeh]]
[2022.03.04-17.36.45:040][  0]LogConfig: Setting CVar [[r.DOF.Recombine.Quality:1                ; cheap slight out of focus]]
[2022.03.04-17.36.45:040][  0]LogConfig: Setting CVar [[r.DOF.Recombine.EnableBokehSettings:0    ; no bokeh simulation on slight out of focus]]
[2022.03.04-17.36.45:040][  0]LogConfig: Setting CVar [[r.DOF.TemporalAAQuality:1                ; more stable temporal accumulation]]
[2022.03.04-17.36.45:040][  0]LogConfig: Setting CVar [[r.DOF.Kernel.MaxForegroundRadius:0.025]]
[2022.03.04-17.36.45:040][  0]LogConfig: Setting CVar [[r.DOF.Kernel.MaxBackgroundRadius:0.025]]
[2022.03.04-17.36.45:040][  0]LogConfig: Applying CVar settings from Section [TextureQuality@3] File [C:/Users/majda/Documents/MidTermAssignment/MidTermAssignment/Saved/Config/Windows/Scalability.ini]
[2022.03.04-17.36.45:040][  0]LogConfig: Setting CVar [[r.Streaming.MipBias:0]]
[2022.03.04-17.36.45:040][  0]LogConfig: Setting CVar [[r.Streaming.AmortizeCPUToGPUCopy:0]]
[2022.03.04-17.36.45:040][  0]LogConfig: Setting CVar [[r.Streaming.MaxNumTexturesToStreamPerFrame:0]]
[2022.03.04-17.36.45:040][  0]LogConfig: Setting CVar [[r.Streaming.Boost:1]]
[2022.03.04-17.36.45:040][  0]LogConfig: Setting CVar [[r.MaxAnisotropy:8]]
[2022.03.04-17.36.45:040][  0]LogConfig: Setting CVar [[r.VT.MaxAnisotropy:8]]
[2022.03.04-17.36.45:040][  0]LogConfig: Setting CVar [[r.Streaming.LimitPoolSizeToVRAM:0]]
[2022.03.04-17.36.45:040][  0]LogConfig: Setting CVar [[r.Streaming.PoolSize:1000]]
[2022.03.04-17.36.45:040][  0]LogConfig: Setting CVar [[r.Streaming.MaxEffectiveScreenSize:0]]
[2022.03.04-17.36.45:040][  0]LogConfig: Applying CVar settings from Section [EffectsQuality@3] File [C:/Users/majda/Documents/MidTermAssignment/MidTermAssignment/Saved/Config/Windows/Scalability.ini]
[2022.03.04-17.36.45:040][  0]LogConfig: Setting CVar [[r.TranslucencyLightingVolumeDim:64]]
[2022.03.04-17.36.45:040][  0]LogConfig: Setting CVar [[r.RefractionQuality:2]]
[2022.03.04-17.36.45:040][  0]LogConfig: Setting CVar [[r.SSR.Quality:3]]
[2022.03.04-17.36.45:040][  0]LogConfig: Setting CVar [[r.SSR.HalfResSceneColor:0]]
[2022.03.04-17.36.45:040][  0]LogConfig: Setting CVar [[r.SceneColorFormat:4]]
[2022.03.04-17.36.45:040][  0]LogConfig: Setting CVar [[r.DetailMode:2]]
[2022.03.04-17.36.45:040][  0]LogConfig: Setting CVar [[r.TranslucencyVolumeBlur:1]]
[2022.03.04-17.36.45:040][  0]LogConfig: Setting CVar [[r.MaterialQualityLevel:1 ; High quality]]
[2022.03.04-17.36.45:040][  0]LogConfig: Setting CVar [[r.AnisotropicMaterials:1]]
[2022.03.04-17.36.45:040][  0]LogConfig: Setting CVar [[r.SSS.Scale:1]]
[2022.03.04-17.36.45:040][  0]LogConfig: Setting CVar [[r.SSS.SampleSet:2]]
[2022.03.04-17.36.45:040][  0]LogConfig: Setting CVar [[r.SSS.Quality:1]]
[2022.03.04-17.36.45:040][  0]LogConfig: Setting CVar [[r.SSS.HalfRes:0]]
[2022.03.04-17.36.45:040][  0]LogConfig: Setting CVar [[r.SSGI.Quality:3]]
[2022.03.04-17.36.45:040][  0]LogConfig: Setting CVar [[r.EmitterSpawnRateScale:1.0]]
[2022.03.04-17.36.45:040][  0]LogConfig: Setting CVar [[r.ParticleLightQuality:2]]
[2022.03.04-17.36.45:040][  0]LogConfig: Setting CVar [[r.SkyAtmosphere.AerialPerspectiveLUT.FastApplyOnOpaque:1 ; Always have FastSkyLUT 1 in this case to avoid wrong sky]]
[2022.03.04-17.36.45:041][  0]LogConfig: Setting CVar [[r.SkyAtmosphere.AerialPerspectiveLUT.SampleCountMaxPerSlice:4]]
[2022.03.04-17.36.45:041][  0]LogConfig: Setting CVar [[r.SkyAtmosphere.AerialPerspectiveLUT.DepthResolution:16.0]]
[2022.03.04-17.36.45:041][  0]LogConfig: Setting CVar [[r.SkyAtmosphere.FastSkyLUT:1]]
[2022.03.04-17.36.45:041][  0]LogConfig: Setting CVar [[r.SkyAtmosphere.FastSkyLUT.SampleCountMin:4.0]]
[2022.03.04-17.36.45:041][  0]LogConfig: Setting CVar [[r.SkyAtmosphere.FastSkyLUT.SampleCountMax:128.0]]
[2022.03.04-17.36.45:041][  0]LogConfig: Setting CVar [[r.SkyAtmosphere.SampleCountMin:4.0]]
[2022.03.04-17.36.45:041][  0]LogConfig: Setting CVar [[r.SkyAtmosphere.SampleCountMax:128.0]]
[2022.03.04-17.36.45:041][  0]LogConfig: Setting CVar [[r.SkyAtmosphere.TransmittanceLUT.UseSmallFormat:0]]
[2022.03.04-17.36.45:041][  0]LogConfig: Setting CVar [[r.SkyAtmosphere.TransmittanceLUT.SampleCount:10.0]]
[2022.03.04-17.36.45:041][  0]LogConfig: Setting CVar [[r.SkyAtmosphere.MultiScatteringLUT.SampleCount:15.0]]
[2022.03.04-17.36.45:041][  0]LogConfig: Setting CVar [[r.SkyLight.RealTimeReflectionCapture:1]]
[2022.03.04-17.36.45:041][  0]LogConfig: Applying CVar settings from Section [FoliageQuality@3] File [C:/Users/majda/Documents/MidTermAssignment/MidTermAssignment/Saved/Config/Windows/Scalability.ini]
[2022.03.04-17.36.45:041][  0]LogConfig: Setting CVar [[foliage.DensityScale:1.0]]
[2022.03.04-17.36.45:041][  0]LogConfig: Setting CVar [[grass.DensityScale:1.0]]
[2022.03.04-17.36.45:041][  0]LogConfig: Applying CVar settings from Section [ShadingQuality@3] File [C:/Users/majda/Documents/MidTermAssignment/MidTermAssignment/Saved/Config/Windows/Scalability.ini]
[2022.03.04-17.36.45:041][  0]LogConfig: Setting CVar [[r.HairStrands.SkyLighting.IntegrationType:2]]
[2022.03.04-17.36.45:041][  0]LogConfig: Setting CVar [[r.HairStrands.SkyAO.SampleCount:4]]
[2022.03.04-17.36.45:041][  0]LogConfig: Setting CVar [[r.HairStrands.Visibility.MSAA.SamplePerPixel:4]]
[2022.03.04-17.36.45:041][  0]LogInit: Selected Device Profile: [Windows]
[2022.03.04-17.36.45:041][  0]LogInit: Applying CVar settings loaded from the selected device profile: [Windows]
[2022.03.04-17.36.45:041][  0]LogHAL: Display: Platform has ~ 16 GB [16841785344 / 17179869184 / 16], which maps to Larger [LargestMinGB=32, LargerMinGB=12, DefaultMinGB=8, SmallerMinGB=6, SmallestMinGB=0)
[2022.03.04-17.36.45:041][  0]LogInit: Going up to parent DeviceProfile []
[2022.03.04-17.36.45:041][  0]LogConfig: Applying CVar settings from Section [ViewDistanceQuality@3] File [C:/Users/majda/Documents/MidTermAssignment/MidTermAssignment/Saved/Config/Windows/Scalability.ini]
[2022.03.04-17.36.45:041][  0]LogConfig: Setting CVar [[r.SkeletalMeshLODBias:0]]
[2022.03.04-17.36.45:041][  0]LogConfig: Setting CVar [[r.ViewDistanceScale:1.0]]
[2022.03.04-17.36.45:041][  0]LogConfig: Applying CVar settings from Section [AntiAliasingQuality@3] File [C:/Users/majda/Documents/MidTermAssignment/MidTermAssignment/Saved/Config/Windows/Scalability.ini]
[2022.03.04-17.36.45:041][  0]LogConfig: Setting CVar [[r.PostProcessAAQuality:4]]
[2022.03.04-17.36.45:041][  0]LogConfig: Applying CVar settings from Section [ShadowQuality@3] File [C:/Users/majda/Documents/MidTermAssignment/MidTermAssignment/Saved/Config/Windows/Scalability.ini]
[2022.03.04-17.36.45:041][  0]LogConfig: Setting CVar [[r.LightFunctionQuality:1]]
[2022.03.04-17.36.45:041][  0]LogConfig: Setting CVar [[r.ShadowQuality:5]]
[2022.03.04-17.36.45:041][  0]LogConfig: Setting CVar [[r.Shadow.CSM.MaxCascades:10]]
[2022.03.04-17.36.45:041][  0]LogConfig: Setting CVar [[r.Shadow.MaxResolution:2048]]
[2022.03.04-17.36.45:041][  0]LogConfig: Setting CVar [[r.Shadow.MaxCSMResolution:2048]]
[2022.03.04-17.36.45:041][  0]LogConfig: Setting CVar [[r.Shadow.RadiusThreshold:0.01]]
[2022.03.04-17.36.45:041][  0]LogConfig: Setting CVar [[r.Shadow.DistanceScale:1.0]]
[2022.03.04-17.36.45:041][  0]LogConfig: Setting CVar [[r.Shadow.CSM.TransitionScale:1.0]]
[2022.03.04-17.36.45:041][  0]LogConfig: Setting CVar [[r.Shadow.PreShadowResolutionFactor:1.0]]
[2022.03.04-17.36.45:041][  0]LogConfig: Setting CVar [[r.DistanceFieldShadowing:1]]
[2022.03.04-17.36.45:041][  0]LogConfig: Setting CVar [[r.DistanceFieldAO:1]]
[2022.03.04-17.36.45:041][  0]LogConfig: Setting CVar [[r.AOQuality:2]]
[2022.03.04-17.36.45:041][  0]LogConfig: Setting CVar [[r.VolumetricFog:1]]
[2022.03.04-17.36.45:041][  0]LogConfig: Setting CVar [[r.VolumetricFog.GridPixelSize:8]]
[2022.03.04-17.36.45:041][  0]LogConfig: Setting CVar [[r.VolumetricFog.GridSizeZ:128]]
[2022.03.04-17.36.45:041][  0]LogConfig: Setting CVar [[r.VolumetricFog.HistoryMissSupersampleCount:4]]
[2022.03.04-17.36.45:041][  0]LogConfig: Setting CVar [[r.LightMaxDrawDistanceScale:1]]
[2022.03.04-17.36.45:041][  0]LogConfig: Setting CVar [[r.CapsuleShadows:1]]
[2022.03.04-17.36.45:041][  0]LogConfig: Applying CVar settings from Section [PostProcessQuality@3] File [C:/Users/majda/Documents/MidTermAssignment/MidTermAssignment/Saved/Config/Windows/Scalability.ini]
[2022.03.04-17.36.45:041][  0]LogConfig: Setting CVar [[r.MotionBlurQuality:4]]
[2022.03.04-17.36.45:041][  0]LogConfig: Setting CVar [[r.AmbientOcclusionMipLevelFactor:0.4]]
[2022.03.04-17.36.45:041][  0]LogConfig: Setting CVar [[r.AmbientOcclusionMaxQuality:100]]
[2022.03.04-17.36.45:041][  0]LogConfig: Setting CVar [[r.AmbientOcclusionLevels:-1]]
[2022.03.04-17.36.45:041][  0]LogConfig: Setting CVar [[r.AmbientOcclusionRadiusScale:1.0]]
[2022.03.04-17.36.45:041][  0]LogConfig: Setting CVar [[r.DepthOfFieldQuality:2]]
[2022.03.04-17.36.45:041][  0]LogConfig: Setting CVar [[r.RenderTargetPoolMin:400]]
[2022.03.04-17.36.45:041][  0]LogConfig: Setting CVar [[r.LensFlareQuality:2]]
[2022.03.04-17.36.45:041][  0]LogConfig: Setting CVar [[r.SceneColorFringeQuality:1]]
[2022.03.04-17.36.45:041][  0]LogConfig: Setting CVar [[r.EyeAdaptationQuality:2]]
[2022.03.04-17.36.45:041][  0]LogConfig: Setting CVar [[r.BloomQuality:5]]
[2022.03.04-17.36.45:041][  0]LogConfig: Setting CVar [[r.FastBlurThreshold:100]]
[2022.03.04-17.36.45:041][  0]LogConfig: Setting CVar [[r.Upscale.Quality:3]]
[2022.03.04-17.36.45:041][  0]LogConfig: Setting CVar [[r.Tonemapper.GrainQuantization:1]]
[2022.03.04-17.36.45:041][  0]LogConfig: Setting CVar [[r.LightShaftQuality:1]]
[2022.03.04-17.36.45:041][  0]LogConfig: Setting CVar [[r.Filter.SizeScale:1]]
[2022.03.04-17.36.45:041][  0]LogConfig: Setting CVar [[r.Tonemapper.Quality:5]]
[2022.03.04-17.36.45:041][  0]LogConfig: Setting CVar [[r.DOF.Gather.AccumulatorQuality:1        ; higher gathering accumulator quality]]
[2022.03.04-17.36.45:041][  0]LogConfig: Setting CVar [[r.DOF.Gather.PostfilterMethod:1          ; Median3x3 postfilering method]]
[2022.03.04-17.36.45:041][  0]LogConfig: Setting CVar [[r.DOF.Gather.EnableBokehSettings:0       ; no bokeh simulation when gathering]]
[2022.03.04-17.36.45:041][  0]LogConfig: Setting CVar [[r.DOF.Gather.RingCount:4                 ; medium number of samples when gathering]]
[2022.03.04-17.36.45:041][  0]LogConfig: Setting CVar [[r.DOF.Scatter.ForegroundCompositing:1    ; additive foreground scattering]]
[2022.03.04-17.36.45:041][  0]LogConfig: Setting CVar [[r.DOF.Scatter.BackgroundCompositing:2    ; additive background scattering]]
[2022.03.04-17.36.45:041][  0]LogConfig: Setting CVar [[r.DOF.Scatter.EnableBokehSettings:1      ; bokeh simulation when scattering]]
[2022.03.04-17.36.45:041][  0]LogConfig: Setting CVar [[r.DOF.Scatter.MaxSpriteRatio:0.1         ; only a maximum of 10% of scattered bokeh]]
[2022.03.04-17.36.45:041][  0]LogConfig: Setting CVar [[r.DOF.Recombine.Quality:1                ; cheap slight out of focus]]
[2022.03.04-17.36.45:041][  0]LogConfig: Setting CVar [[r.DOF.Recombine.EnableBokehSettings:0    ; no bokeh simulation on slight out of focus]]
[2022.03.04-17.36.45:041][  0]LogConfig: Setting CVar [[r.DOF.TemporalAAQuality:1                ; more stable temporal accumulation]]
[2022.03.04-17.36.45:041][  0]LogConfig: Setting CVar [[r.DOF.Kernel.MaxForegroundRadius:0.025]]
[2022.03.04-17.36.45:041][  0]LogConfig: Setting CVar [[r.DOF.Kernel.MaxBackgroundRadius:0.025]]
[2022.03.04-17.36.45:041][  0]LogConfig: Applying CVar settings from Section [TextureQuality@3] File [C:/Users/majda/Documents/MidTermAssignment/MidTermAssignment/Saved/Config/Windows/Scalability.ini]
[2022.03.04-17.36.45:041][  0]LogConfig: Setting CVar [[r.Streaming.MipBias:0]]
[2022.03.04-17.36.45:041][  0]LogConfig: Setting CVar [[r.Streaming.AmortizeCPUToGPUCopy:0]]
[2022.03.04-17.36.45:041][  0]LogConfig: Setting CVar [[r.Streaming.MaxNumTexturesToStreamPerFrame:0]]
[2022.03.04-17.36.45:041][  0]LogConfig: Setting CVar [[r.Streaming.Boost:1]]
[2022.03.04-17.36.45:041][  0]LogConfig: Setting CVar [[r.MaxAnisotropy:8]]
[2022.03.04-17.36.45:041][  0]LogConfig: Setting CVar [[r.VT.MaxAnisotropy:8]]
[2022.03.04-17.36.45:041][  0]LogConfig: Setting CVar [[r.Streaming.LimitPoolSizeToVRAM:0]]
[2022.03.04-17.36.45:041][  0]LogConfig: Setting CVar [[r.Streaming.PoolSize:1000]]
[2022.03.04-17.36.45:041][  0]LogConfig: Setting CVar [[r.Streaming.MaxEffectiveScreenSize:0]]
[2022.03.04-17.36.45:041][  0]LogConfig: Applying CVar settings from Section [EffectsQuality@3] File [C:/Users/majda/Documents/MidTermAssignment/MidTermAssignment/Saved/Config/Windows/Scalability.ini]
[2022.03.04-17.36.45:041][  0]LogConfig: Setting CVar [[r.TranslucencyLightingVolumeDim:64]]
[2022.03.04-17.36.45:041][  0]LogConfig: Setting CVar [[r.RefractionQuality:2]]
[2022.03.04-17.36.45:041][  0]LogConfig: Setting CVar [[r.SSR.Quality:3]]
[2022.03.04-17.36.45:041][  0]LogConfig: Setting CVar [[r.SSR.HalfResSceneColor:0]]
[2022.03.04-17.36.45:041][  0]LogConfig: Setting CVar [[r.SceneColorFormat:4]]
[2022.03.04-17.36.45:041][  0]LogConfig: Setting CVar [[r.DetailMode:2]]
[2022.03.04-17.36.45:041][  0]LogConfig: Setting CVar [[r.TranslucencyVolumeBlur:1]]
[2022.03.04-17.36.45:041][  0]LogConfig: Setting CVar [[r.MaterialQualityLevel:1 ; High quality]]
[2022.03.04-17.36.45:041][  0]LogConfig: Setting CVar [[r.AnisotropicMaterials:1]]
[2022.03.04-17.36.45:041][  0]LogConfig: Setting CVar [[r.SSS.Scale:1]]
[2022.03.04-17.36.45:041][  0]LogConfig: Setting CVar [[r.SSS.SampleSet:2]]
[2022.03.04-17.36.45:041][  0]LogConfig: Setting CVar [[r.SSS.Quality:1]]
[2022.03.04-17.36.45:041][  0]LogConfig: Setting CVar [[r.SSS.HalfRes:0]]
[2022.03.04-17.36.45:041][  0]LogConfig: Setting CVar [[r.SSGI.Quality:3]]
[2022.03.04-17.36.45:041][  0]LogConfig: Setting CVar [[r.EmitterSpawnRateScale:1.0]]
[2022.03.04-17.36.45:041][  0]LogConfig: Setting CVar [[r.ParticleLightQuality:2]]
[2022.03.04-17.36.45:041][  0]LogConfig: Setting CVar [[r.SkyAtmosphere.AerialPerspectiveLUT.FastApplyOnOpaque:1 ; Always have FastSkyLUT 1 in this case to avoid wrong sky]]
[2022.03.04-17.36.45:041][  0]LogConfig: Setting CVar [[r.SkyAtmosphere.AerialPerspectiveLUT.SampleCountMaxPerSlice:4]]
[2022.03.04-17.36.45:041][  0]LogConfig: Setting CVar [[r.SkyAtmosphere.AerialPerspectiveLUT.DepthResolution:16.0]]
[2022.03.04-17.36.45:041][  0]LogConfig: Setting CVar [[r.SkyAtmosphere.FastSkyLUT:1]]
[2022.03.04-17.36.45:041][  0]LogConfig: Setting CVar [[r.SkyAtmosphere.FastSkyLUT.SampleCountMin:4.0]]
[2022.03.04-17.36.45:041][  0]LogConfig: Setting CVar [[r.SkyAtmosphere.FastSkyLUT.SampleCountMax:128.0]]
[2022.03.04-17.36.45:041][  0]LogConfig: Setting CVar [[r.SkyAtmosphere.SampleCountMin:4.0]]
[2022.03.04-17.36.45:042][  0]LogConfig: Setting CVar [[r.SkyAtmosphere.SampleCountMax:128.0]]
[2022.03.04-17.36.45:042][  0]LogConfig: Setting CVar [[r.SkyAtmosphere.TransmittanceLUT.UseSmallFormat:0]]
[2022.03.04-17.36.45:042][  0]LogConfig: Setting CVar [[r.SkyAtmosphere.TransmittanceLUT.SampleCount:10.0]]
[2022.03.04-17.36.45:042][  0]LogConfig: Setting CVar [[r.SkyAtmosphere.MultiScatteringLUT.SampleCount:15.0]]
[2022.03.04-17.36.45:042][  0]LogConfig: Setting CVar [[r.SkyLight.RealTimeReflectionCapture:1]]
[2022.03.04-17.36.45:042][  0]LogConfig: Applying CVar settings from Section [FoliageQuality@3] File [C:/Users/majda/Documents/MidTermAssignment/MidTermAssignment/Saved/Config/Windows/Scalability.ini]
[2022.03.04-17.36.45:042][  0]LogConfig: Setting CVar [[foliage.DensityScale:1.0]]
[2022.03.04-17.36.45:042][  0]LogConfig: Setting CVar [[grass.DensityScale:1.0]]
[2022.03.04-17.36.45:042][  0]LogConfig: Applying CVar settings from Section [ShadingQuality@3] File [C:/Users/majda/Documents/MidTermAssignment/MidTermAssignment/Saved/Config/Windows/Scalability.ini]
[2022.03.04-17.36.45:042][  0]LogConfig: Setting CVar [[r.HairStrands.SkyLighting.IntegrationType:2]]
[2022.03.04-17.36.45:042][  0]LogConfig: Setting CVar [[r.HairStrands.SkyAO.SampleCount:4]]
[2022.03.04-17.36.45:042][  0]LogConfig: Setting CVar [[r.HairStrands.Visibility.MSAA.SamplePerPixel:4]]
[2022.03.04-17.36.45:042][  0]LogConfig: Applying CVar settings from Section [Startup] File [../../../Engine/Config/ConsoleVariables.ini]
[2022.03.04-17.36.45:042][  0]LogConfig: Setting CVar [[net.UseAdaptiveNetUpdateFrequency:0]]
[2022.03.04-17.36.45:042][  0]LogConfig: Setting CVar [[p.chaos.AllowCreatePhysxBodies:1]]
[2022.03.04-17.36.45:042][  0]LogConfig: Setting CVar [[fx.SkipVectorVMBackendOptimizations:1]]
[2022.03.04-17.36.45:042][  0]LogConfig: Applying CVar settings from Section [ConsoleVariables] File [C:/Users/majda/Documents/MidTermAssignment/MidTermAssignment/Saved/Config/Windows/Engine.ini]
[2022.03.04-17.36.45:042][  0]LogConfig: Applying CVar settings from Section [ConsoleVariables] File [C:/Users/majda/Documents/MidTermAssignment/MidTermAssignment/Saved/Config/Windows/Editor.ini]
[2022.03.04-17.36.45:042][  0]LogInit: Computer: LAPTOP-K4VDA9II
[2022.03.04-17.36.45:042][  0]LogInit: User: majda
[2022.03.04-17.36.45:042][  0]LogInit: CPU Page size=4096, Cores=4
[2022.03.04-17.36.45:042][  0]LogInit: High frequency timer resolution =10.000000 MHz
[2022.03.04-17.36.45:042][  0]LogMemory: Memory total: Physical=15.7GB (16GB approx)
[2022.03.04-17.36.45:042][  0]LogMemory: Platform Memory Stats for Windows
[2022.03.04-17.36.45:042][  0]LogMemory: Process Physical Memory: 144.43 MB used, 144.43 MB peak
[2022.03.04-17.36.45:042][  0]LogMemory: Process Virtual Memory: 124.56 MB used, 124.56 MB peak
[2022.03.04-17.36.45:042][  0]LogMemory: Physical Memory: 9574.52 MB used,  6487.05 MB free, 16061.58 MB total
[2022.03.04-17.36.45:042][  0]LogMemory: Virtual Memory: 134205680.00 MB used,  12049.09 MB free, 134217728.00 MB total
[2022.03.04-17.36.45:049][  0]LogWindows: WindowsPlatformFeatures enabled
[2022.03.04-17.36.45:089][  0]LogInit: Physics initialised using underlying interface: PhysX
[2022.03.04-17.36.45:090][  0]LogInit: Using OS detected language (cs-CZ).
[2022.03.04-17.36.45:090][  0]LogInit: Using OS detected locale (cs-CZ).
[2022.03.04-17.36.45:092][  0]LogTextLocalizationManager: No localization for 'cs-CZ' exists, so 'en' will be used for the language.
[2022.03.04-17.36.45:279][  0]LogInit: Setting process to per monitor DPI aware
[2022.03.04-17.36.45:293][  0]LogWindowsTextInputMethodSystem: Display: IME system deactivated.
[2022.03.04-17.36.45:314][  0]LogSlate: New Slate User Created.  User Index 0, Is Virtual User: 0
[2022.03.04-17.36.45:314][  0]LogSlate: Slate User Registered.  User Index 0, Is Virtual User: 0
[2022.03.04-17.36.45:419][  0]LogD3D11RHI: Loaded GFSDK_Aftermath_Lib.x64.dll
[2022.03.04-17.36.45:434][  0]LogHMD: Failed to initialize OpenVR with code 110
[2022.03.04-17.36.45:434][  0]LogD3D11RHI: D3D11 min allowed feature level: 11_0
[2022.03.04-17.36.45:434][  0]LogD3D11RHI: D3D11 max allowed feature level: 11_0
[2022.03.04-17.36.45:434][  0]LogD3D11RHI: D3D11 adapters:
[2022.03.04-17.36.45:527][  0]LogD3D11RHI:    0. 'NVIDIA GeForce RTX 3060 Laptop GPU' (Feature Level 11_0)
[2022.03.04-17.36.45:527][  0]LogD3D11RHI:       6023/0/8030 MB DedicatedVideo/DedicatedSystem/SharedSystem, Outputs:1, VendorId:0x10de
[2022.03.04-17.36.45:550][  0]LogD3D11RHI:    1. 'Intel(R) Iris(R) Xe Graphics' (Feature Level 11_0)
[2022.03.04-17.36.45:550][  0]LogD3D11RHI:       128/0/8030 MB DedicatedVideo/DedicatedSystem/SharedSystem, Outputs:0, VendorId:0x8086
[2022.03.04-17.36.45:552][  0]LogD3D11RHI:    2. 'Microsoft Basic Render Driver' (Feature Level 11_0)
[2022.03.04-17.36.45:552][  0]LogD3D11RHI:       0/0/8030 MB DedicatedVideo/DedicatedSystem/SharedSystem, Outputs:0, VendorId:0x1414
[2022.03.04-17.36.45:579][  0]LogD3D11RHI:    3. 'Intel(R) Iris(R) Xe Graphics' (Feature Level 11_0)
[2022.03.04-17.36.45:579][  0]LogD3D11RHI:       128/0/8030 MB DedicatedVideo/DedicatedSystem/SharedSystem, Outputs:0, VendorId:0x8086
[2022.03.04-17.36.45:579][  0]LogD3D11RHI: Chosen D3D11 Adapter:
[2022.03.04-17.36.45:579][  0]LogD3D11RHI:     Description : NVIDIA GeForce RTX 3060 Laptop GPU
[2022.03.04-17.36.45:579][  0]LogD3D11RHI:     VendorId    : 10de
[2022.03.04-17.36.45:579][  0]LogD3D11RHI:     DeviceId    : 2520
[2022.03.04-17.36.45:579][  0]LogD3D11RHI:     SubSysId    : 16e21043
[2022.03.04-17.36.45:579][  0]LogD3D11RHI:     Revision    : 00a1
[2022.03.04-17.36.45:580][  0]LogD3D11RHI:     DedicatedVideoMemory : 6315573248 bytes
[2022.03.04-17.36.45:580][  0]LogD3D11RHI:     DedicatedSystemMemory : 0 bytes
[2022.03.04-17.36.45:580][  0]LogD3D11RHI:     SharedSystemMemory : 8420892672 bytes
[2022.03.04-17.36.45:580][  0]LogD3D11RHI:     AdapterLuid : 0 66740
[2022.03.04-17.36.45:592][  0]LogD3D11RHI: Creating new Direct3DDevice
[2022.03.04-17.36.45:592][  0]LogD3D11RHI:     GPU DeviceId: 0x2520 (for the marketing name, search the web for "GPU Device Id")
[2022.03.04-17.36.45:592][  0]LogWindows: EnumDisplayDevices:
[2022.03.04-17.36.45:592][  0]LogWindows:    0. 'Intel(R) Iris(R) Xe Graphics' (P:1 D:1)
[2022.03.04-17.36.45:593][  0]LogWindows:    1. 'Intel(R) Iris(R) Xe Graphics' (P:0 D:0)
[2022.03.04-17.36.45:593][  0]LogWindows:    2. 'Intel(R) Iris(R) Xe Graphics' (P:0 D:0)
[2022.03.04-17.36.45:593][  0]LogWindows:    3. 'Intel(R) Iris(R) Xe Graphics' (P:0 D:0)
[2022.03.04-17.36.45:593][  0]LogWindows:    4. 'NVIDIA GeForce RTX 3060 Laptop GPU' (P:0 D:0)
[2022.03.04-17.36.45:593][  0]LogWindows:    5. 'LuminonCore IDDCX Adapter' (P:0 D:0)
[2022.03.04-17.36.45:594][  0]LogWindows:    6. 'LuminonCore IDDCX Adapter' (P:0 D:0)
[2022.03.04-17.36.45:594][  0]LogWindows:    7. 'LuminonCore IDDCX Adapter' (P:0 D:0)
[2022.03.04-17.36.45:594][  0]LogWindows:    8. 'LuminonCore IDDCX Adapter' (P:0 D:0)
[2022.03.04-17.36.45:594][  0]LogWindows:    9. 'LuminonCore IDDCX Adapter' (P:0 D:0)
[2022.03.04-17.36.45:595][  0]LogWindows:    10. 'LuminonCore IDDCX Adapter' (P:0 D:0)
[2022.03.04-17.36.45:595][  0]LogWindows:    11. 'LuminonCore IDDCX Adapter' (P:0 D:0)
[2022.03.04-17.36.45:595][  0]LogWindows:    12. 'LuminonCore IDDCX Adapter' (P:0 D:0)
[2022.03.04-17.36.45:595][  0]LogWindows:    13. 'LuminonCore IDDCX Adapter' (P:0 D:0)
[2022.03.04-17.36.45:595][  0]LogWindows:    14. 'LuminonCore IDDCX Adapter' (P:0 D:0)
[2022.03.04-17.36.45:596][  0]LogWindows:    15. 'LuminonCore IDDCX Adapter' (P:0 D:0)
[2022.03.04-17.36.45:596][  0]LogWindows:    16. 'LuminonCore IDDCX Adapter' (P:0 D:0)
[2022.03.04-17.36.45:596][  0]LogWindows:    17. 'LuminonCore IDDCX Adapter' (P:0 D:0)
[2022.03.04-17.36.45:596][  0]LogWindows:    18. 'LuminonCore IDDCX Adapter' (P:0 D:0)
[2022.03.04-17.36.45:596][  0]LogWindows:    19. 'LuminonCore IDDCX Adapter' (P:0 D:0)
[2022.03.04-17.36.45:596][  0]LogWindows:    20. 'LuminonCore IDDCX Adapter' (P:0 D:0)
[2022.03.04-17.36.45:597][  0]LogWindows: DebugString: PrimaryIsNotTheChoosenAdapter PrimaryIsNotTheChoosenAdapter PrimaryIsNotTheChoosenAdapter PrimaryIsNotTheChoosenAdapter GetVideoDriverDetailsInvalid PrimaryIsNotTheChoosenAdapter GetVideoDriverDetailsInvalid PrimaryIsNotTheChoosenAdapter GetVideoDriverDetailsInvalid PrimaryIsNotTheChoosenAdapter GetVideoDriverDetailsInvalid PrimaryIsNotTheChoosenAdapter GetVideoDriverDetailsInvalid PrimaryIsNotTheChoosenAdapter GetVideoDriverDetailsInvalid PrimaryIsNotTheChoosenAdapter GetVideoDriverDetailsInvalid PrimaryIsNotTheChoosenAdapter GetVideoDriverDetailsInvalid PrimaryIsNotTheChoosenAdapter GetVideoDriverDetailsInvalid PrimaryIsNotTheChoosenAdapter GetVideoDriverDetailsInvalid PrimaryIsNotTheChoosenAdapter GetVideoDriverDetailsInvalid PrimaryIsNotTheChoosenAdapter GetVideoDriverDetailsInvalid PrimaryIsNotTheChoosenAdapter GetVideoDriverDetailsInvalid PrimaryIsNotTheChoosenAdapter GetVideoDriverDetailsInvalid PrimaryIsNotTheChoosenAdapter GetVideoDriverDetailsInvalid PrimaryIsNotTheChoosenAdapter GetVideoDriverDetailsInvalid PrimaryIsNotTheChoosenAdapter 
[2022.03.04-17.36.45:597][  0]LogD3D11RHI:     Adapter Name: NVIDIA GeForce RTX 3060 Laptop GPU
[2022.03.04-17.36.45:597][  0]LogD3D11RHI:   Driver Version: 511.79 (internal:30.0.15.1179, unified:511.79)
[2022.03.04-17.36.45:597][  0]LogD3D11RHI:      Driver Date: 2-10-2022
[2022.03.04-17.36.45:597][  0]LogRHI: Texture pool is 4216 MB (70% of 6023 MB)
[2022.03.04-17.36.45:597][  0]LogD3D11RHI: Creating D3DDevice using adapter:
[2022.03.04-17.36.45:597][  0]LogD3D11RHI:     Description : NVIDIA GeForce RTX 3060 Laptop GPU
[2022.03.04-17.36.45:597][  0]LogD3D11RHI:     VendorId    : 10de
[2022.03.04-17.36.45:597][  0]LogD3D11RHI:     DeviceId    : 2520
[2022.03.04-17.36.45:597][  0]LogD3D11RHI:     SubSysId    : 16e21043
[2022.03.04-17.36.45:597][  0]LogD3D11RHI:     Revision    : 00a1
[2022.03.04-17.36.45:597][  0]LogD3D11RHI:     DedicatedVideoMemory : 6315573248 bytes
[2022.03.04-17.36.45:597][  0]LogD3D11RHI:     DedicatedSystemMemory : 0 bytes
[2022.03.04-17.36.45:597][  0]LogD3D11RHI:     SharedSystemMemory : 8420892672 bytes
[2022.03.04-17.36.45:597][  0]LogD3D11RHI:     AdapterLuid : 0 66740
[2022.03.04-17.36.45:666][  0]LogD3D11RHI: RHI has support for 64 bit atomics
[2022.03.04-17.36.45:666][  0]LogD3D11RHI: Async texture creation enabled
[2022.03.04-17.36.45:666][  0]LogD3D11RHI: Array index from any shader is supported
[2022.03.04-17.36.45:708][  0]LogD3D11RHI: GPU Timing Frequency: 1000.000000 (Debug: 2 1)
[2022.03.04-17.36.45:733][  0]LogRHI: GeForceNow SDK initialized: 1
[2022.03.04-17.36.46:039][  0]LogTargetPlatformManager: Display: Loaded TargetPlatform 'AllDesktop'
[2022.03.04-17.36.46:056][  0]LogTargetPlatformManager: Display: Loaded TargetPlatform 'Android'
[2022.03.04-17.36.46:056][  0]LogTargetPlatformManager: Display: Loaded TargetPlatform 'Android_ASTC'
[2022.03.04-17.36.46:056][  0]LogTargetPlatformManager: Display: Loaded TargetPlatform 'Android_DXT'
[2022.03.04-17.36.46:056][  0]LogTargetPlatformManager: Display: Loaded TargetPlatform 'Android_ETC2'
[2022.03.04-17.36.46:056][  0]LogTargetPlatformManager: Display: Loaded TargetPlatform 'AndroidClient'
[2022.03.04-17.36.46:056][  0]LogTargetPlatformManager: Display: Loaded TargetPlatform 'Android_ASTCClient'
[2022.03.04-17.36.46:056][  0]LogTargetPlatformManager: Display: Loaded TargetPlatform 'Android_DXTClient'
[2022.03.04-17.36.46:056][  0]LogTargetPlatformManager: Display: Loaded TargetPlatform 'Android_ETC2Client'
[2022.03.04-17.36.46:056][  0]LogTargetPlatformManager: Display: Loaded TargetPlatform 'Android_Multi'
[2022.03.04-17.36.46:056][  0]LogTargetPlatformManager: Display: Loaded TargetPlatform 'Android_MultiClient'
[2022.03.04-17.36.46:070][  0]LogTargetPlatformManager: Display: Loaded TargetPlatform 'IOSClient'
[2022.03.04-17.36.46:070][  0]LogTargetPlatformManager: Display: Loaded TargetPlatform 'IOS'
[2022.03.04-17.36.46:078][  0]LogTargetPlatformManager: Display: Loaded TargetPlatform 'Linux'
[2022.03.04-17.36.46:082][  0]LogTargetPlatformManager: Display: Loaded TargetPlatform 'LinuxNoEditor'
[2022.03.04-17.36.46:085][  0]LogTargetPlatformManager: Display: Loaded TargetPlatform 'LinuxClient'
[2022.03.04-17.36.46:088][  0]LogTargetPlatformManager: Display: Loaded TargetPlatform 'LinuxServer'
[2022.03.04-17.36.46:096][  0]LogTargetPlatformManager: Display: Loaded TargetPlatform 'LinuxAArch64NoEditor'
[2022.03.04-17.36.46:099][  0]LogTargetPlatformManager: Display: Loaded TargetPlatform 'LinuxAArch64Client'
[2022.03.04-17.36.46:102][  0]LogTargetPlatformManager: Display: Loaded TargetPlatform 'LinuxAArch64Server'
[2022.03.04-17.36.46:127][  0]LogTargetPlatformManager: Display: Loaded TargetPlatform 'Lumin'
[2022.03.04-17.36.46:127][  0]LogTargetPlatformManager: Display: Loaded TargetPlatform 'LuminClient'
[2022.03.04-17.36.46:134][  0]LogTargetPlatformManager: Display: Loaded TargetPlatform 'MacNoEditor'
[2022.03.04-17.36.46:137][  0]LogTargetPlatformManager: Display: Loaded TargetPlatform 'Mac'
[2022.03.04-17.36.46:140][  0]LogTargetPlatformManager: Display: Loaded TargetPlatform 'MacClient'
[2022.03.04-17.36.46:145][  0]LogTargetPlatformManager: Display: Loaded TargetPlatform 'MacServer'
[2022.03.04-17.36.46:152][  0]LogTargetPlatformManager: Display: Loaded TargetPlatform 'TVOSClient'
[2022.03.04-17.36.46:152][  0]LogTargetPlatformManager: Display: Loaded TargetPlatform 'TVOS'
[2022.03.04-17.36.46:159][  0]LogTargetPlatformManager: Display: Loaded TargetPlatform 'WindowsNoEditor'
[2022.03.04-17.36.46:162][  0]LogTargetPlatformManager: Display: Loaded TargetPlatform 'Windows'
[2022.03.04-17.36.46:166][  0]LogTargetPlatformManager: Display: Loaded TargetPlatform 'WindowsClient'
[2022.03.04-17.36.46:169][  0]LogTargetPlatformManager: Display: Loaded TargetPlatform 'WindowsServer'
[2022.03.04-17.36.46:169][  0]LogTargetPlatformManager: Display: Building Assets For Windows
[2022.03.04-17.36.46:174][  0]LogAudioDebug: Display: Lib vorbis DLL was dynamically loaded.
[2022.03.04-17.36.46:199][  0]LogTextureFormatOodle: Display: Oodle Texture 2.9.0 init RDO Off
[2022.03.04-17.36.46:221][  0]LogRendererCore: Ray tracing is disabled. Reason: r.RayTracing=0.
[2022.03.04-17.36.46:222][  0]LogShaderCompilers: Guid format shader working directory is -30 characters bigger than the processId version (../../../../../../Users/majda/Documents/MidTermAssignment/MidTermAssignment/Intermediate/Shaders/WorkingDirectory/17064/).
[2022.03.04-17.36.46:222][  0]LogShaderCompilers: Cleaned the shader compiler working directory 'C:/Users/majda/AppData/Local/Temp/UnrealShaderWorkingDir/2230AE334949C59C99AD13936313E80C/'.
[2022.03.04-17.36.46:222][  0]LogXGEController: Cannot use XGE Controller as Incredibuild is not installed on this machine.
[2022.03.04-17.36.46:222][  0]LogShaderCompilers: Cannot use XGE Shader Compiler as Incredibuild is not installed on this machine.
[2022.03.04-17.36.46:222][  0]LogShaderCompilers: Display: Using Local Shader Compiler.
[2022.03.04-17.36.46:889][  0]LogDerivedDataCache: Display: Max Cache Size: 512 MB
[2022.03.04-17.36.46:945][  0]LogDerivedDataCache: Loaded boot cache 0.06s 94MB C:/Users/majda/AppData/Local/UnrealEngine/4.27/DerivedDataCache/Boot.ddc.
[2022.03.04-17.36.46:945][  0]LogDerivedDataCache: Display: Loaded Boot cache: C:/Users/majda/AppData/Local/UnrealEngine/4.27/DerivedDataCache/Boot.ddc
[2022.03.04-17.36.46:945][  0]LogDerivedDataCache: FDerivedDataBackendGraph:  Pak pak cache file ../../../../../../Users/majda/Documents/MidTermAssignment/MidTermAssignment/DerivedDataCache/DDC.ddp not found, will not use a pak cache.
[2022.03.04-17.36.46:945][  0]LogDerivedDataCache: Unable to find inner node Pak for hierarchical cache Hierarchy.
[2022.03.04-17.36.46:945][  0]LogDerivedDataCache: FDerivedDataBackendGraph:  CompressedPak pak cache file ../../../../../../Users/majda/Documents/MidTermAssignment/MidTermAssignment/DerivedDataCache/Compressed.ddp not found, will not use a pak cache.
[2022.03.04-17.36.46:945][  0]LogDerivedDataCache: Unable to find inner node CompressedPak for hierarchical cache Hierarchy.
[2022.03.04-17.36.46:962][  0]LogDerivedDataCache: Display: Pak cache opened for reading ../../../Engine/DerivedDataCache/Compressed.ddp.
[2022.03.04-17.36.46:962][  0]LogDerivedDataCache: FDerivedDataBackendGraph:  EnterprisePak pak cache file ../../../Enterprise/DerivedDataCache/Compressed.ddp not found, will not use a pak cache.
[2022.03.04-17.36.46:962][  0]LogDerivedDataCache: Unable to find inner node EnterprisePak for hierarchical cache Hierarchy.
[2022.03.04-17.36.46:967][  0]LogDerivedDataCache: Speed tests for C:/Users/majda/AppData/Local/UnrealEngine/Common/DerivedDataCache took 0.01 seconds
[2022.03.04-17.36.46:967][  0]LogDerivedDataCache: Display: Performance to C:/Users/majda/AppData/Local/UnrealEngine/Common/DerivedDataCache: Latency=0.02ms. RandomReadSpeed=2044.17MBs, RandomWriteSpeed=215.53MBs. Assigned SpeedClass 'Local'
[2022.03.04-17.36.46:968][  0]LogDerivedDataCache: Using Local data cache path C:/Users/majda/AppData/Local/UnrealEngine/Common/DerivedDataCache: Writable
[2022.03.04-17.36.46:969][  0]LogDerivedDataCache: Shared data cache path not found in *engine.ini, will not use an Shared cache.
[2022.03.04-17.36.46:969][  0]LogDerivedDataCache: Unable to find inner node Shared for hierarchical cache Hierarchy.
[2022.03.04-17.36.47:015][  0]LogSlate: Using FreeType 2.10.0
[2022.03.04-17.36.47:015][  0]LogSlate: SlateFontServices - WITH_FREETYPE: 1, WITH_HARFBUZZ: 1
[2022.03.04-17.36.47:038][  0]LogAssetRegistry: FAssetRegistry took 0.0027 seconds to start up
[2022.03.04-17.36.47:260][  0]LogInit: Selected Device Profile: [Windows]
[2022.03.04-17.36.47:260][  0]LogInit: Active device profile: [00000169E1D5EC00][00000169E257E280 49] Windows
[2022.03.04-17.36.47:260][  0]LogInit: Profiles: [00000169E1D5EC00][00000169E257E280 49] Windows, [00000169E1C7A000][00000169E2586400 49] WindowsNoEditor, [00000169E1D5F900][00000169E25E2580 49] WindowsServer, [00000169E1C79300][00000169E25E6700 49] WindowsClient, [00000169E1D5EB00][00000169E25EA880 49] IOS, [00000169E1C7B500][00000169E25829C0 49] iPadAir, [00000169E1D5CE00][00000169E25EEB00 49] iPadAir2, [00000169E1ADD300][00000169E25F6D40 49] IPadPro, [00000169E1ADD400][00000169E25F2D80 49] iPadAir3, [00000169E1C7B300][00000169E2604F00 49] iPadAir4, [00000169E1ADE200][00000169E2609080 49] iPadMini2, [00000169E1C7AC00][00000169E260D200 49] iPadMini3, [00000169E1ADEE00][00000169E26AF380 49] iPadMini4, [00000169E1C7A300][00000169E276F500 49] iPadMini5, [00000169E1AFCE00][00000169E27777C0 49] iPhone6, [00000169E1AFCF00][00000169E2773800 49] iPodTouch6, [00000169E1D5C300][00000169E277FAC0 49] iPhone7, [00000169E1D5D900][00000169E277BB00 49] iPodTouch7, [00000169E1ADF300][00000169E2782100 49] iPhone5S, [00000169E1D5EA00][00000169E2786280 49] iPhone6Plus, [00000169E1D5EF00][00000169E278A400 49] iPhone6S, [00000169E1AFC700][00000169E278E580 49] iPhone6SPlus, [00000169E1D5E600][00000169E2792700 49] iPhone7Plus, [00000169E1AFF000][00000169E2796880 49] iPhoneSE, [00000169E1D5CF00][00000169E279AA00 49] iPhone8, [00000169E1AFD400][00000169E2600B40 49] iPhone8Plus, [00000169E1ADD900][00000169E279EC80 49] iPhoneX, [00000169E1AFCD00][00000169E2852DC0 49] iPhoneXS, [00000169E1ADDC00][00000169E2856F00 49] iPhoneXSMax, [00000169E1AFF600][00000169E285F080 49] iPhoneXR, [00000169E1ADC300][00000169E2863200 49] iPhone11, [00000169E1AFE000][00000169E2867380 49] iPhone11Pro, [00000169E1ADE800][00000169E286B500 49] iPhone11ProMax, [00000169E1AFF100][00000169E286F680 49] iPhoneSE2, [00000169E1ADCB00][00000169E2873800 49] iPhone12Mini, [00000169E1AFE700][00000169E2877980 49] iPhone12, [00000169E1ADD100][00000169E287BB00 49] iPhone12Pro, [00000169E1AFC400][00000169E287E100 49] iPhone12ProMax, [00000169E1ADD700][00000169E2882280 49] iPadPro105, [00000169E1AFD200][00000169E2886400 49] iPadPro129, [00000169E1ADF000][00000169E288A580 49] iPadPro97, [00000169E1AFD300][00000169E288E700 49] iPadPro2_129, [00000169E1ADE900][00000169E2892880 49] iPad5, [00000169E1AFCC00][00000169E2896A00 49] iPad6, [00000169E1ADED00][00000169E289AB80 49] iPad7, [00000169E1AFFC00][00000169E289ED00 49] iPad8, [00000169E1ADE700][00000169E285AE40 49] iPadPro11, [00000169E1AFDD00][00000169E28A2F80 49] iPadPro2_11, [00000169E1ADCD00][00000169E28A70C0 49] iPadPro3_129, [00000169E1AFEE00][00000169E28AF240 49] iPadPro4_129, [00000169E1ADEC00][00000169E28B33C0 49] AppleTV, [00000169E1AFED00][00000169E28B7540 49] AppleTV4K, [00000169E1ADE600][00000169E28FD6C0 49] TVOS, [00000169E1AFC100][00000169E2905840 49] Mac, [00000169E1ADE500][00000169E29099C0 49] MacClient, [00000169E1AFC200][00000169E290DB40 49] MacNoEditor, [00000169E1ADD000][00000169E2910140 49] MacServer, [00000169E1AFD500][00000169E29142C0 49] Linux, [00000169E1ADCC00][00000169E2918440 49] LinuxAArch64, [00000169E1AFD600][00000169E29585C0 49] LinuxNoEditor, [00000169E1ADF500][00000169E295C740 49] LinuxAArch64NoEditor, [00000169E1AFD100][00000169E29648C0 49] LinuxClient, [00000169E1ADCF00][00000169DED88A40 49] LinuxAArch64Client, [00000169E1AFC500][00000169DFF6ABC0 49] LinuxServer, [00000169E1ADEB00][00000169DFF6ED40 49] LinuxAArch64Server, [00000169E1AFC800][00000169DFF72EC0 49] Android, [00000169E1ADC500][00000169E28AB000 49] Android_Low, [00000169E1AFEF00][00000169DFF77140 49] Android_Mid, [00000169E1ADFB00][00000169DFF7B280 49] Android_High, [00000169E1AFE200][00000169DFF7F3C0 49] Android_Default, [00000169E1ADFA00][00000169DFF87540 49] Android_Adreno4xx, [00000169E1AFFA00][00000169E015B6C0 49] Android_Adreno5xx_Low, [00000169E1ADE100][00000169E015F840 49] Android_Adreno5xx, [00000169E1AFF200][00000169E01639C0 49] Android_Adreno6xx, [00000169E1ADD500][00000169E0167B40 49] Android_Adreno6xx_Vulkan, [00000169E1AFF500][00000169E016A140 49] Android_Mali_T6xx, [00000169E1ADC100][00000169E016E2C0 49] Android_Mali_T7xx, [00000169E1AFCA00][00000169E0172440 49] Android_Mali_T8xx, [00000169E1ADF600][00000169E01765C0 49] Android_Mali_G71, [00000169E1D5C700][00000169E017A740 49] Android_Mali_G72, [00000169E1C7B900][00000169E017E8C0 49] Android_Mali_G72_Vulkan, [00000169E1D5DA00][00000169E0182A40 49] Android_Mali_G76, [00000169E1C7AB00][00000169E0186BC0 49] Android_Mali_G76_Vulkan, [00000169E1D5E000][00000169E018AD40 49] Android_Mali_G77, [00000169E1C7AF00][00000169E018EEC0 49] Android_Mali_G77_Vulkan, [00000169E1D5FC00][00000169E0193040 49] Android_Mali_G78, [00000169E1C78500][00000169DFF83180 49] Android_Mali_G78_Vulkan, [00000169E1D5E800][00000169E01972C0 49] Android_Mali_G710, [00000169E1C7BF00][00000169E019B400 49] Android_Mali_G710_Vulkan, [00000169E1D5E300][00000169E019F540 49] Android_Vulkan_SM5, [00000169E1C7A700][00000169E01A76C0 49] Android_PowerVR_G6xxx, [00000169E1D5CB00][00000169E01AB840 49] Android_PowerVR_GT7xxx, [00000169E1C7A500][00000169E01AF9C0 49] Android_PowerVR_GE8xxx, [00000169E1D5D200][00000169E01B3B40 49] Android_PowerVR_GM9xxx, [00000169E1C78200][00000169E01B6140 49] Android_PowerVR_GM9xxx_Vulkan, [00000169E1D5E700][00000169E01BA2C0 49] Android_TegraK1, [00000169E1C7B200][00000169E01BE440 49] Android_Unknown_Vulkan, [00000169E1D5F800][00000169E01C25C0 49] Lumin, [00000169E1C7B000][00000169E2314740 49] Lumin_Desktop, [00000169E1D5E200][00000169E23188C0 49] HoloLens, 
[2022.03.04-17.36.47:370][  0]LogMeshReduction: Using QuadricMeshReduction for automatic static mesh reduction
[2022.03.04-17.36.47:370][  0]LogMeshReduction: Using SimplygonMeshReduction for automatic skeletal mesh reduction
[2022.03.04-17.36.47:370][  0]LogMeshReduction: Using ProxyLODMeshReduction for automatic mesh merging
[2022.03.04-17.36.47:370][  0]LogMeshReduction: No distributed automatic mesh merging module available
[2022.03.04-17.36.47:370][  0]LogMeshMerging: No distributed automatic mesh merging module available
[2022.03.04-17.36.47:382][  0]LogNetVersion: MidTermAssignment 1.0.0, NetCL: 17155196, EngineNetVer: 17, GameNetVer: 0 (Checksum: 2536915485)
[2022.03.04-17.36.47:700][  0]LogTexture: Default maximum texture size for cubemaps generated from long-lat sources has been changed from 512 to unlimited. In order to preserve old behaiour for '/Engine/MapTemplates/Sky/DaylightAmbientCubemap.DaylightAmbientCubemap', its maximum texture size has been explicitly set to 512.
[2022.03.04-17.36.47:754][  0]LogHMD: PokeAHoleMaterial loaded successfully
[2022.03.04-17.36.47:761][  0]LogUObjectArray: 17178 objects as part of root set at end of initial load.
[2022.03.04-17.36.47:761][  0]LogUObjectAllocator: 4302048 out of 0 bytes used by permanent object pool.
[2022.03.04-17.36.47:761][  0]LogUObjectArray: CloseDisregardForGC: 0/0 objects in disregard for GC pool
[2022.03.04-17.36.47:979][  0]LogNiagaraDebuggerClient: Niagara Debugger Client Initialized | Session: C6D72C34405517F6BD3A18BEB72F69BE | Instance: 247DA1244CC788B1CEE9B3BCF3CDBCE0 (LAPTOP-K4VDA9II-17064).
[2022.03.04-17.36.48:086][  0]LogPython: Using Python 3.7.7
[2022.03.04-17.36.48:502][  0]LogTcpMessaging: Initializing TcpMessaging bridge
[2022.03.04-17.36.48:514][  0]LogUdpMessaging: Initializing bridge on interface 0.0.0.0:0 to multicast group 230.0.0.1:6666.
[2022.03.04-17.36.48:692][  0]SourceControl: Source control is disabled
[2022.03.04-17.36.48:692][  0]SourceControl: Source control is disabled
[2022.03.04-17.36.48:694][  0]SourceControl: Source control is disabled
[2022.03.04-17.36.48:696][  0]SourceControl: Source control is disabled
[2022.03.04-17.36.48:704][  0]SourceControl: Source control is disabled
[2022.03.04-17.36.48:708][  0]LogUProjectInfo: Found projects:
[2022.03.04-17.36.48:811][  0]LogOpenImageDenoise: OIDN starting up
[2022.03.04-17.36.48:839][  0]LogAndroidPermission: UAndroidPermissionCallbackProxy::GetInstance
[2022.03.04-17.36.48:859][  0]LogAudioCaptureCore: Display: No Audio Capture implementations found. Audio input will be silent.
[2022.03.04-17.36.48:859][  0]LogAudioCaptureCore: Display: No Audio Capture implementations found. Audio input will be silent.
[2022.03.04-17.36.48:952][  0]LogCollectionManager: Loaded 0 collections in 0.001120 seconds
[2022.03.04-17.36.48:973][  0]LogFileCache: Scanning file cache for directory 'C:/Users/majda/Documents/MidTermAssignment/MidTermAssignment/Saved/Collections/' took 0.00s
[2022.03.04-17.36.48:973][  0]LogFileCache: Scanning file cache for directory 'C:/Users/majda/Documents/MidTermAssignment/MidTermAssignment/Content/Developers/majda/Collections/' took 0.00s
[2022.03.04-17.36.48:973][  0]LogFileCache: Scanning file cache for directory 'C:/Users/majda/Documents/MidTermAssignment/MidTermAssignment/Content/Collections/' took 0.00s
[2022.03.04-17.36.48:973][  0]LogOcInput: OculusInput pre-init called
[2022.03.04-17.36.49:164][  0]LogEngine: Initializing Engine...
[2022.03.04-17.36.49:166][  0]LogHMD: Failed to enumerate extensions. Please check that you have a valid OpenXR runtime installed.
[2022.03.04-17.36.49:166][  0]LogHMD: Failed to initialize OpenVR with code 110
[2022.03.04-17.36.49:166][  0]LogMagicLeap: Warning: VR disabled because ZI is not enabled.  To enable, in the editor, Edit -> Project Settings -> Plugins -> Magic Leap Plugin -> Enable Zero Iteration
[2022.03.04-17.36.49:167][  0]LogStats: UGameplayTagsManager::InitializeManager -  0.000 s
[2022.03.04-17.36.49:281][  0]LogInit: Initializing FReadOnlyCVARCache
[2022.03.04-17.36.49:287][  0]LogAIModule: Creating AISystem for world Untitled
[2022.03.04-17.36.49:288][  0]LogAudio: Display: Initializing Audio Device Manager...
[2022.03.04-17.36.49:290][  0]LogAudio: Display: Loading Default Audio Settings Objects...
[2022.03.04-17.36.49:291][  0]LogAudio: Display: No default SoundConcurrencyObject specified (or failed to load).
[2022.03.04-17.36.49:291][  0]LogAudio: Display: Audio Device Manager Initialized
[2022.03.04-17.36.49:291][  0]LogAudio: Display: Creating Audio Device:                 Id: 1, Scope: Shared, Realtime: True
[2022.03.04-17.36.49:291][  0]LogAudioMixer: Display: Audio Mixer Platform Settings:
[2022.03.04-17.36.49:291][  0]LogAudioMixer: Display: 	Sample Rate:						  48000
[2022.03.04-17.36.49:291][  0]LogAudioMixer: Display: 	Callback Buffer Frame Size Requested: 1024
[2022.03.04-17.36.49:291][  0]LogAudioMixer: Display: 	Callback Buffer Frame Size To Use:	  1024
[2022.03.04-17.36.49:291][  0]LogAudioMixer: Display: 	Number of buffers to queue:			  2
[2022.03.04-17.36.49:291][  0]LogAudioMixer: Display: 	Max Channels (voices):				  32
[2022.03.04-17.36.49:291][  0]LogAudioMixer: Display: 	Number of Async Source Workers:		  0
[2022.03.04-17.36.49:291][  0]LogAudio: Display: AudioDevice MaxSources: 32
[2022.03.04-17.36.49:291][  0]LogAudio: Display: Audio Spatialization Plugin: None (built-in).
[2022.03.04-17.36.49:292][  0]LogAudio: Display: Audio Reverb Plugin: None (built-in).
[2022.03.04-17.36.49:292][  0]LogAudio: Display: Audio Occlusion Plugin: None (built-in).
[2022.03.04-17.36.49:292][  0]LogAudioMixer: Display: Initializing audio mixer.
[2022.03.04-17.36.49:301][  0]LogAudioMixer: Display: 0: FrontLeft
[2022.03.04-17.36.49:301][  0]LogAudioMixer: Display: 1: FrontRight
[2022.03.04-17.36.49:301][  0]LogAudioMixer: Display: 2: FrontCenter
[2022.03.04-17.36.49:301][  0]LogAudioMixer: Display: 3: LowFrequency
[2022.03.04-17.36.49:301][  0]LogAudioMixer: Display: 4: BackLeft
[2022.03.04-17.36.49:301][  0]LogAudioMixer: Display: 5: BackRight
[2022.03.04-17.36.49:301][  0]LogAudioMixer: Display: 6: SideLeft
[2022.03.04-17.36.49:301][  0]LogAudioMixer: Display: 7: SideRight
[2022.03.04-17.36.49:326][  0]LogAudioMixer: Display: Using Audio Device SteelSeries Sonar - Gaming (SteelSeries Sonar Virtual Audio Device)
[2022.03.04-17.36.49:332][  0]LogAudioMixer: Display: Initializing Sound Submixes...
[2022.03.04-17.36.49:333][  0]LogAudioMixer: Display: Creating Master Submix 'MasterSubmixDefault'
[2022.03.04-17.36.49:333][  0]LogAudioMixer: Display: Creating Master Submix 'MasterReverbSubmixDefault'
[2022.03.04-17.36.49:334][  0]LogAudioMixer: Display: Creating Master Submix 'MasterEQSubmixDefault'
[2022.03.04-17.36.49:334][  0]LogAudioMixer: FMixerPlatformXAudio2::StartAudioStream() called
[2022.03.04-17.36.49:334][  0]LogAudioMixer: Display: Output buffers initialized: Frames=1024, Channels=8, Samples=8192
[2022.03.04-17.36.49:336][  0]LogAudioMixer: Display: Starting AudioMixerPlatformInterface::RunInternal()
[2022.03.04-17.36.49:336][  0]LogAudioMixer: Display: FMixerPlatformXAudio2::SubmitBuffer() called for the first time
[2022.03.04-17.36.49:336][  0]LogInit: FAudioDevice initialized.
[2022.03.04-17.36.49:336][  0]LogAudio: Display: Audio Device (ID: 1) registered with world 'Untitled'.
[2022.03.04-17.36.49:336][  0]LogNetVersion: Set ProjectVersion to 1.0.0.0. Version Checksum will be recalculated on next use.
[2022.03.04-17.36.49:389][  0]LogDerivedDataCache: Saved boot cache 0.05s 94MB C:/Users/majda/AppData/Local/UnrealEngine/4.27/DerivedDataCache/Boot.ddc.
[2022.03.04-17.36.49:390][  0]LogInit: Texture streaming: Enabled
[2022.03.04-17.36.49:400][  0]LogAnalytics: Display: [UEEditor.Rocket.Release] APIServer = https://datarouter.ol.epicgames.com/. AppVersion = 4.27.2-18319896+++UE4+Release-4.27
[2022.03.04-17.36.49:403][  0]LogEngineSessionManager: EngineSessionManager initialized
[2022.03.04-17.36.49:403][  0]LogEditorSessionSummary: Verbose: Initializing EditorSessionSummaryWriter for editor session tracking
[2022.03.04-17.36.49:404][  0]LogEditorSessionSummary: EditorSessionSummaryWriter initialized
[2022.03.04-17.36.49:416][  0]LogInit: Transaction tracking system initialized
[2022.03.04-17.36.49:435][  0]BlueprintLog: New page: Editor Load
[2022.03.04-17.36.49:520][  0]LocalizationService: Localization service is disabled
[2022.03.04-17.36.49:537][  0]TimingProfiler: Initialize
[2022.03.04-17.36.49:537][  0]TimingProfiler: OnSessionChanged
[2022.03.04-17.36.49:537][  0]LoadingProfiler: Initialize
[2022.03.04-17.36.49:537][  0]LoadingProfiler: OnSessionChanged
[2022.03.04-17.36.49:537][  0]NetworkingProfiler: Initialize
[2022.03.04-17.36.49:538][  0]NetworkingProfiler: OnSessionChanged
[2022.03.04-17.36.49:538][  0]MemoryProfiler: Initialize
[2022.03.04-17.36.49:538][  0]MemoryProfiler: OnSessionChanged
[2022.03.04-17.36.49:917][  0]LogCook: Display: CookSettings for Memory: MemoryMaxUsedVirtual 0MiB, MemoryMaxUsedPhysical 16384MiB, MemoryMinFreeVirtual 0MiB, MemoryMinFreePhysical 1024MiB
[2022.03.04-17.36.49:917][  0]LogCook: Display: Mobile HDR setting 1
[2022.03.04-17.36.50:068][  0]LogFileCache: Scanning file cache for directory 'C:/Users/majda/Documents/MidTermAssignment/MidTermAssignment/Content/' took 0.00s
[2022.03.04-17.36.50:219][  0]LogInit: Display: Engine is initialized. Leaving FEngineLoop::Init()
[2022.03.04-17.36.50:222][  0]SourceControl: Source control is disabled
[2022.03.04-17.36.50:222][  0]LogUnrealEdMisc: Loading editor; pre map load, took 6.121
[2022.03.04-17.36.50:222][  0]Cmd: MAP LOAD FILE="../../../../../../Users/majda/Documents/MidTermAssignment/MidTermAssignment/Content/FirstPersonBP/Maps/FirstPersonExampleMap.umap" TEMPLATE=0 SHOWPROGRESS=1 FEATURELEVEL=3
[2022.03.04-17.36.50:223][  0]LightingResults: New page: Lighting Build
[2022.03.04-17.36.50:224][  0]LogWorld: UWorld::CleanupWorld for Untitled, bSessionEnded=true, bCleanupResources=true
[2022.03.04-17.36.50:224][  0]LogSlate: InvalidateAllWidgets triggered.  All widgets were invalidated
[2022.03.04-17.36.50:224][  0]MapCheck: New page: Map Check
[2022.03.04-17.36.50:224][  0]LightingResults: New page: Lighting Build
[2022.03.04-17.36.50:228][  0]LogAudio: Display: Audio Device unregistered from world 'None'.
[2022.03.04-17.36.50:230][  0]LogUObjectHash: Compacting FUObjectHashTables data took   0.60ms
[2022.03.04-17.36.50:383][  0]LogTexture: Display: Building textures: DeprecatedTexture4E9A31EC459F824B7293D9A5960F381F (BGRA8, 128X128)
[2022.03.04-17.36.50:425][  0]LogAudio: Display: Audio Device (ID: 1) registered with world 'FirstPersonExampleMap'.
[2022.03.04-17.36.50:426][  0]LogAIModule: Creating AISystem for world FirstPersonExampleMap
[2022.03.04-17.36.50:434][  0]LogEditorServer: Finished looking for orphan Actors (0.000 secs)
[2022.03.04-17.36.50:441][  0]LogUObjectHash: Compacting FUObjectHashTables data took   0.71ms
[2022.03.04-17.36.50:441][  0]Cmd: MAP CHECKDEP NOCLEARLOG
[2022.03.04-17.36.50:442][  0]MapCheck: Map check complete: 0 Error(s), 0 Warning(s), took 0,211ms to complete.
[2022.03.04-17.36.50:442][  0]LogFileHelpers: Loading map 'FirstPersonExampleMap' took 0.219
[2022.03.04-17.36.50:444][  0]LogUnrealEdMisc: Total Editor Startup Time, took 6.342
[2022.03.04-17.36.50:538][  0]LogSlate: Updating window title bar state: overlay mode, drag disabled, window buttons hidden, title bar hidden
[2022.03.04-17.36.50:543][  0]LogSlate: Updating window title bar state: overlay mode, drag disabled, window buttons hidden, title bar hidden
[2022.03.04-17.36.50:548][  0]LogSlate: Updating window title bar state: overlay mode, drag disabled, window buttons hidden, title bar hidden
[2022.03.04-17.36.50:552][  0]LogSlate: Updating window title bar state: overlay mode, drag disabled, window buttons hidden, title bar hidden
[2022.03.04-17.36.50:563][  0]LogNativeClassHierarchy: Verbose: Native class hierarchy populated in 0.0081 seconds. Added 3822 classes and 928 folders.
[2022.03.04-17.36.50:565][  0]LogNativeClassHierarchy: Verbose: Native class hierarchy updated for 'WidgetCarousel' in 0.0002 seconds. Added 0 classes and 0 folders.
[2022.03.04-17.36.50:566][  0]LogPakFile: PakFile PrimaryIndexSize=187
[2022.03.04-17.36.50:566][  0]LogPakFile: PakFile PathHashIndexSize=101
[2022.03.04-17.36.50:566][  0]LogPakFile: PakFile FullDirectoryIndexSize=148
[2022.03.04-17.36.50:566][  0]LogShaderLibrary: Display: ShaderCodeLibraryPakFileMountedCallback: PakFile 'C:/Program Files/Epic Games/UE_4.27/FeaturePacks/FP_FirstPerson.upack' (chunk index -1, root 'root:/') mounted
[2022.03.04-17.36.50:566][  0]LogShaderLibrary: Display: ShaderCodeLibraryPakFileMountedCallback: pending pak file info (ChunkID:-1 Root:root:/ File:C:/Program Files/Epic Games/UE_4.27/FeaturePacks/FP_FirstPerson.upack)
[2022.03.04-17.36.50:566][  0]LogPakFile: OnPakFileMounted2Time == 0.000043
[2022.03.04-17.36.50:567][  0]LogPakFile: PakFile PrimaryIndexSize=189
[2022.03.04-17.36.50:567][  0]LogPakFile: PakFile PathHashIndexSize=101
[2022.03.04-17.36.50:567][  0]LogPakFile: PakFile FullDirectoryIndexSize=152
[2022.03.04-17.36.50:567][  0]LogShaderLibrary: Display: ShaderCodeLibraryPakFileMountedCallback: PakFile 'C:/Program Files/Epic Games/UE_4.27/FeaturePacks/FP_FirstPersonBP.upack' (chunk index -1, root 'root:/') mounted
[2022.03.04-17.36.50:567][  0]LogShaderLibrary: Display: ShaderCodeLibraryPakFileMountedCallback: pending pak file info (ChunkID:-1 Root:root:/ File:C:/Program Files/Epic Games/UE_4.27/FeaturePacks/FP_FirstPersonBP.upack)
[2022.03.04-17.36.50:567][  0]LogPakFile: OnPakFileMounted2Time == 0.000027
[2022.03.04-17.36.50:567][  0]LogPakFile: PakFile PrimaryIndexSize=191
[2022.03.04-17.36.50:567][  0]LogPakFile: PakFile PathHashIndexSize=101
[2022.03.04-17.36.50:567][  0]LogPakFile: PakFile FullDirectoryIndexSize=160
[2022.03.04-17.36.50:567][  0]LogShaderLibrary: Display: ShaderCodeLibraryPakFileMountedCallback: PakFile 'C:/Program Files/Epic Games/UE_4.27/FeaturePacks/MobileStarterContent.upack' (chunk index -1, root 'root:/') mounted
[2022.03.04-17.36.50:567][  0]LogShaderLibrary: Display: ShaderCodeLibraryPakFileMountedCallback: pending pak file info (ChunkID:-1 Root:root:/ File:C:/Program Files/Epic Games/UE_4.27/FeaturePacks/MobileStarterContent.upack)
[2022.03.04-17.36.50:567][  0]LogPakFile: OnPakFileMounted2Time == 0.000024
[2022.03.04-17.36.50:567][  0]LogPakFile: PakFile PrimaryIndexSize=185
[2022.03.04-17.36.50:567][  0]LogPakFile: PakFile PathHashIndexSize=101
[2022.03.04-17.36.50:567][  0]LogPakFile: PakFile FullDirectoryIndexSize=148
[2022.03.04-17.36.50:568][  0]LogShaderLibrary: Display: ShaderCodeLibraryPakFileMountedCallback: PakFile 'C:/Program Files/Epic Games/UE_4.27/FeaturePacks/StarterContent.upack' (chunk index -1, root 'root:/') mounted
[2022.03.04-17.36.50:568][  0]LogShaderLibrary: Display: ShaderCodeLibraryPakFileMountedCallback: pending pak file info (ChunkID:-1 Root:root:/ File:C:/Program Files/Epic Games/UE_4.27/FeaturePacks/StarterContent.upack)
[2022.03.04-17.36.50:568][  0]LogPakFile: OnPakFileMounted2Time == 0.000026
[2022.03.04-17.36.50:568][  0]LogPakFile: PakFile PrimaryIndexSize=190
[2022.03.04-17.36.50:568][  0]LogPakFile: PakFile PathHashIndexSize=101
[2022.03.04-17.36.50:568][  0]LogPakFile: PakFile FullDirectoryIndexSize=154
[2022.03.04-17.36.50:568][  0]LogShaderLibrary: Display: ShaderCodeLibraryPakFileMountedCallback: PakFile 'C:/Program Files/Epic Games/UE_4.27/FeaturePacks/TP_2DSideScroller.upack' (chunk index -1, root 'root:/') mounted
[2022.03.04-17.36.50:568][  0]LogShaderLibrary: Display: ShaderCodeLibraryPakFileMountedCallback: pending pak file info (ChunkID:-1 Root:root:/ File:C:/Program Files/Epic Games/UE_4.27/FeaturePacks/TP_2DSideScroller.upack)
[2022.03.04-17.36.50:568][  0]LogPakFile: OnPakFileMounted2Time == 0.000026
[2022.03.04-17.36.50:568][  0]LogPakFile: PakFile PrimaryIndexSize=192
[2022.03.04-17.36.50:568][  0]LogPakFile: PakFile PathHashIndexSize=101
[2022.03.04-17.36.50:568][  0]LogPakFile: PakFile FullDirectoryIndexSize=158
[2022.03.04-17.36.50:568][  0]LogShaderLibrary: Display: ShaderCodeLibraryPakFileMountedCallback: PakFile 'C:/Program Files/Epic Games/UE_4.27/FeaturePacks/TP_2DSideScrollerBP.upack' (chunk index -1, root 'root:/') mounted
[2022.03.04-17.36.50:568][  0]LogShaderLibrary: Display: ShaderCodeLibraryPakFileMountedCallback: pending pak file info (ChunkID:-1 Root:root:/ File:C:/Program Files/Epic Games/UE_4.27/FeaturePacks/TP_2DSideScrollerBP.upack)
[2022.03.04-17.36.50:568][  0]LogPakFile: OnPakFileMounted2Time == 0.000025
[2022.03.04-17.36.50:569][  0]LogPakFile: PakFile PrimaryIndexSize=182
[2022.03.04-17.36.50:569][  0]LogPakFile: PakFile PathHashIndexSize=101
[2022.03.04-17.36.50:569][  0]LogPakFile: PakFile FullDirectoryIndexSize=138
[2022.03.04-17.36.50:569][  0]LogShaderLibrary: Display: ShaderCodeLibraryPakFileMountedCallback: PakFile 'C:/Program Files/Epic Games/UE_4.27/FeaturePacks/TP_Flying.upack' (chunk index -1, root 'root:/') mounted
[2022.03.04-17.36.50:569][  0]LogShaderLibrary: Display: ShaderCodeLibraryPakFileMountedCallback: pending pak file info (ChunkID:-1 Root:root:/ File:C:/Program Files/Epic Games/UE_4.27/FeaturePacks/TP_Flying.upack)
[2022.03.04-17.36.50:569][  0]LogPakFile: OnPakFileMounted2Time == 0.000025
[2022.03.04-17.36.50:569][  0]LogPakFile: PakFile PrimaryIndexSize=184
[2022.03.04-17.36.50:569][  0]LogPakFile: PakFile PathHashIndexSize=101
[2022.03.04-17.36.50:569][  0]LogPakFile: PakFile FullDirectoryIndexSize=142
[2022.03.04-17.36.50:569][  0]LogShaderLibrary: Display: ShaderCodeLibraryPakFileMountedCallback: PakFile 'C:/Program Files/Epic Games/UE_4.27/FeaturePacks/TP_FlyingBP.upack' (chunk index -1, root 'root:/') mounted
[2022.03.04-17.36.50:569][  0]LogShaderLibrary: Display: ShaderCodeLibraryPakFileMountedCallback: pending pak file info (ChunkID:-1 Root:root:/ File:C:/Program Files/Epic Games/UE_4.27/FeaturePacks/TP_FlyingBP.upack)
[2022.03.04-17.36.50:569][  0]LogPakFile: OnPakFileMounted2Time == 0.000023
[2022.03.04-17.36.50:570][  0]LogPakFile: PakFile PrimaryIndexSize=188
[2022.03.04-17.36.50:570][  0]LogPakFile: PakFile PathHashIndexSize=101
[2022.03.04-17.36.50:570][  0]LogPakFile: PakFile FullDirectoryIndexSize=150
[2022.03.04-17.36.50:570][  0]LogShaderLibrary: Display: ShaderCodeLibraryPakFileMountedCallback: PakFile 'C:/Program Files/Epic Games/UE_4.27/FeaturePacks/TP_HandheldARBP.upack' (chunk index -1, root 'root:/') mounted
[2022.03.04-17.36.50:570][  0]LogShaderLibrary: Display: ShaderCodeLibraryPakFileMountedCallback: pending pak file info (ChunkID:-1 Root:root:/ File:C:/Program Files/Epic Games/UE_4.27/FeaturePacks/TP_HandheldARBP.upack)
[2022.03.04-17.36.50:570][  0]LogPakFile: OnPakFileMounted2Time == 0.000023
[2022.03.04-17.36.50:570][  0]LogPakFile: PakFile PrimaryIndexSize=182
[2022.03.04-17.36.50:570][  0]LogPakFile: PakFile PathHashIndexSize=101
[2022.03.04-17.36.50:570][  0]LogPakFile: PakFile FullDirectoryIndexSize=138
[2022.03.04-17.36.50:570][  0]LogShaderLibrary: Display: ShaderCodeLibraryPakFileMountedCallback: PakFile 'C:/Program Files/Epic Games/UE_4.27/FeaturePacks/TP_Puzzle.upack' (chunk index -1, root 'root:/') mounted
[2022.03.04-17.36.50:570][  0]LogShaderLibrary: Display: ShaderCodeLibraryPakFileMountedCallback: pending pak file info (ChunkID:-1 Root:root:/ File:C:/Program Files/Epic Games/UE_4.27/FeaturePacks/TP_Puzzle.upack)
[2022.03.04-17.36.50:570][  0]LogPakFile: OnPakFileMounted2Time == 0.000023
[2022.03.04-17.36.50:570][  0]LogPakFile: PakFile PrimaryIndexSize=184
[2022.03.04-17.36.50:570][  0]LogPakFile: PakFile PathHashIndexSize=101
[2022.03.04-17.36.50:570][  0]LogPakFile: PakFile FullDirectoryIndexSize=142
[2022.03.04-17.36.50:570][  0]LogShaderLibrary: Display: ShaderCodeLibraryPakFileMountedCallback: PakFile 'C:/Program Files/Epic Games/UE_4.27/FeaturePacks/TP_PuzzleBP.upack' (chunk index -1, root 'root:/') mounted
[2022.03.04-17.36.50:570][  0]LogShaderLibrary: Display: ShaderCodeLibraryPakFileMountedCallback: pending pak file info (ChunkID:-1 Root:root:/ File:C:/Program Files/Epic Games/UE_4.27/FeaturePacks/TP_PuzzleBP.upack)
[2022.03.04-17.36.50:570][  0]LogPakFile: OnPakFileMounted2Time == 0.000025
[2022.03.04-17.36.50:570][  0]LogPakFile: PakFile PrimaryIndexSize=183
[2022.03.04-17.36.50:570][  0]LogPakFile: PakFile PathHashIndexSize=101
[2022.03.04-17.36.50:570][  0]LogPakFile: PakFile FullDirectoryIndexSize=140
[2022.03.04-17.36.50:570][  0]LogShaderLibrary: Display: ShaderCodeLibraryPakFileMountedCallback: PakFile 'C:/Program Files/Epic Games/UE_4.27/FeaturePacks/TP_Rolling.upack' (chunk index -1, root 'root:/') mounted
[2022.03.04-17.36.50:570][  0]LogShaderLibrary: Display: ShaderCodeLibraryPakFileMountedCallback: pending pak file info (ChunkID:-1 Root:root:/ File:C:/Program Files/Epic Games/UE_4.27/FeaturePacks/TP_Rolling.upack)
[2022.03.04-17.36.50:570][  0]LogPakFile: OnPakFileMounted2Time == 0.000022
[2022.03.04-17.36.50:571][  0]LogPakFile: PakFile PrimaryIndexSize=185
[2022.03.04-17.36.50:571][  0]LogPakFile: PakFile PathHashIndexSize=101
[2022.03.04-17.36.50:571][  0]LogPakFile: PakFile FullDirectoryIndexSize=144
[2022.03.04-17.36.50:571][  0]LogShaderLibrary: Display: ShaderCodeLibraryPakFileMountedCallback: PakFile 'C:/Program Files/Epic Games/UE_4.27/FeaturePacks/TP_RollingBP.upack' (chunk index -1, root 'root:/') mounted
[2022.03.04-17.36.50:571][  0]LogShaderLibrary: Display: ShaderCodeLibraryPakFileMountedCallback: pending pak file info (ChunkID:-1 Root:root:/ File:C:/Program Files/Epic Games/UE_4.27/FeaturePacks/TP_RollingBP.upack)
[2022.03.04-17.36.50:571][  0]LogPakFile: OnPakFileMounted2Time == 0.000025
[2022.03.04-17.36.50:571][  0]LogPakFile: PakFile PrimaryIndexSize=188
[2022.03.04-17.36.50:571][  0]LogPakFile: PakFile PathHashIndexSize=101
[2022.03.04-17.36.50:571][  0]LogPakFile: PakFile FullDirectoryIndexSize=150
[2022.03.04-17.36.50:571][  0]LogShaderLibrary: Display: ShaderCodeLibraryPakFileMountedCallback: PakFile 'C:/Program Files/Epic Games/UE_4.27/FeaturePacks/TP_SideScroller.upack' (chunk index -1, root 'root:/') mounted
[2022.03.04-17.36.50:571][  0]LogShaderLibrary: Display: ShaderCodeLibraryPakFileMountedCallback: pending pak file info (ChunkID:-1 Root:root:/ File:C:/Program Files/Epic Games/UE_4.27/FeaturePacks/TP_SideScroller.upack)
[2022.03.04-17.36.50:571][  0]LogPakFile: OnPakFileMounted2Time == 0.000022
[2022.03.04-17.36.50:571][  0]LogPakFile: PakFile PrimaryIndexSize=190
[2022.03.04-17.36.50:571][  0]LogPakFile: PakFile PathHashIndexSize=101
[2022.03.04-17.36.50:571][  0]LogPakFile: PakFile FullDirectoryIndexSize=154
[2022.03.04-17.36.50:571][  0]LogShaderLibrary: Display: ShaderCodeLibraryPakFileMountedCallback: PakFile 'C:/Program Files/Epic Games/UE_4.27/FeaturePacks/TP_SideScrollerBP.upack' (chunk index -1, root 'root:/') mounted
[2022.03.04-17.36.50:571][  0]LogShaderLibrary: Display: ShaderCodeLibraryPakFileMountedCallback: pending pak file info (ChunkID:-1 Root:root:/ File:C:/Program Files/Epic Games/UE_4.27/FeaturePacks/TP_SideScrollerBP.upack)
[2022.03.04-17.36.50:571][  0]LogPakFile: OnPakFileMounted2Time == 0.000023
[2022.03.04-17.36.50:571][  0]LogPakFile: PakFile PrimaryIndexSize=187
[2022.03.04-17.36.50:571][  0]LogPakFile: PakFile PathHashIndexSize=101
[2022.03.04-17.36.50:571][  0]LogPakFile: PakFile FullDirectoryIndexSize=148
[2022.03.04-17.36.50:571][  0]LogShaderLibrary: Display: ShaderCodeLibraryPakFileMountedCallback: PakFile 'C:/Program Files/Epic Games/UE_4.27/FeaturePacks/TP_ThirdPerson.upack' (chunk index -1, root 'root:/') mounted
[2022.03.04-17.36.50:571][  0]LogShaderLibrary: Display: ShaderCodeLibraryPakFileMountedCallback: pending pak file info (ChunkID:-1 Root:root:/ File:C:/Program Files/Epic Games/UE_4.27/FeaturePacks/TP_ThirdPerson.upack)
[2022.03.04-17.36.50:571][  0]LogPakFile: OnPakFileMounted2Time == 0.000022
[2022.03.04-17.36.50:573][  0]LogPakFile: PakFile PrimaryIndexSize=189
[2022.03.04-17.36.50:573][  0]LogPakFile: PakFile PathHashIndexSize=101
[2022.03.04-17.36.50:573][  0]LogPakFile: PakFile FullDirectoryIndexSize=152
[2022.03.04-17.36.50:573][  0]LogShaderLibrary: Display: ShaderCodeLibraryPakFileMountedCallback: PakFile 'C:/Program Files/Epic Games/UE_4.27/FeaturePacks/TP_ThirdPersonBP.upack' (chunk index -1, root 'root:/') mounted
[2022.03.04-17.36.50:573][  0]LogShaderLibrary: Display: ShaderCodeLibraryPakFileMountedCallback: pending pak file info (ChunkID:-1 Root:root:/ File:C:/Program Files/Epic Games/UE_4.27/FeaturePacks/TP_ThirdPersonBP.upack)
[2022.03.04-17.36.50:573][  0]LogPakFile: OnPakFileMounted2Time == 0.000022
[2022.03.04-17.36.50:573][  0]LogPakFile: PakFile PrimaryIndexSize=183
[2022.03.04-17.36.50:573][  0]LogPakFile: PakFile PathHashIndexSize=101
[2022.03.04-17.36.50:573][  0]LogPakFile: PakFile FullDirectoryIndexSize=140
[2022.03.04-17.36.50:573][  0]LogShaderLibrary: Display: ShaderCodeLibraryPakFileMountedCallback: PakFile 'C:/Program Files/Epic Games/UE_4.27/FeaturePacks/TP_TopDown.upack' (chunk index -1, root 'root:/') mounted
[2022.03.04-17.36.50:573][  0]LogShaderLibrary: Display: ShaderCodeLibraryPakFileMountedCallback: pending pak file info (ChunkID:-1 Root:root:/ File:C:/Program Files/Epic Games/UE_4.27/FeaturePacks/TP_TopDown.upack)
[2022.03.04-17.36.50:573][  0]LogPakFile: OnPakFileMounted2Time == 0.000029
[2022.03.04-17.36.50:573][  0]LogPakFile: PakFile PrimaryIndexSize=185
[2022.03.04-17.36.50:573][  0]LogPakFile: PakFile PathHashIndexSize=101
[2022.03.04-17.36.50:573][  0]LogPakFile: PakFile FullDirectoryIndexSize=144
[2022.03.04-17.36.50:573][  0]LogShaderLibrary: Display: ShaderCodeLibraryPakFileMountedCallback: PakFile 'C:/Program Files/Epic Games/UE_4.27/FeaturePacks/TP_TopDownBP.upack' (chunk index -1, root 'root:/') mounted
[2022.03.04-17.36.50:573][  0]LogShaderLibrary: Display: ShaderCodeLibraryPakFileMountedCallback: pending pak file info (ChunkID:-1 Root:root:/ File:C:/Program Files/Epic Games/UE_4.27/FeaturePacks/TP_TopDownBP.upack)
[2022.03.04-17.36.50:574][  0]LogPakFile: OnPakFileMounted2Time == 0.000027
[2022.03.04-17.36.50:574][  0]LogPakFile: PakFile PrimaryIndexSize=185
[2022.03.04-17.36.50:574][  0]LogPakFile: PakFile PathHashIndexSize=101
[2022.03.04-17.36.50:574][  0]LogPakFile: PakFile FullDirectoryIndexSize=144
[2022.03.04-17.36.50:574][  0]LogShaderLibrary: Display: ShaderCodeLibraryPakFileMountedCallback: PakFile 'C:/Program Files/Epic Games/UE_4.27/FeaturePacks/TP_TwinStick.upack' (chunk index -1, root 'root:/') mounted
[2022.03.04-17.36.50:574][  0]LogShaderLibrary: Display: ShaderCodeLibraryPakFileMountedCallback: pending pak file info (ChunkID:-1 Root:root:/ File:C:/Program Files/Epic Games/UE_4.27/FeaturePacks/TP_TwinStick.upack)
[2022.03.04-17.36.50:574][  0]LogPakFile: OnPakFileMounted2Time == 0.000025
[2022.03.04-17.36.50:574][  0]LogPakFile: PakFile PrimaryIndexSize=187
[2022.03.04-17.36.50:574][  0]LogPakFile: PakFile PathHashIndexSize=101
[2022.03.04-17.36.50:574][  0]LogPakFile: PakFile FullDirectoryIndexSize=148
[2022.03.04-17.36.50:574][  0]LogShaderLibrary: Display: ShaderCodeLibraryPakFileMountedCallback: PakFile 'C:/Program Files/Epic Games/UE_4.27/FeaturePacks/TP_TwinStickBP.upack' (chunk index -1, root 'root:/') mounted
[2022.03.04-17.36.50:574][  0]LogShaderLibrary: Display: ShaderCodeLibraryPakFileMountedCallback: pending pak file info (ChunkID:-1 Root:root:/ File:C:/Program Files/Epic Games/UE_4.27/FeaturePacks/TP_TwinStickBP.upack)
[2022.03.04-17.36.50:574][  0]LogPakFile: OnPakFileMounted2Time == 0.000024
[2022.03.04-17.36.50:575][  0]LogPakFile: PakFile PrimaryIndexSize=183
[2022.03.04-17.36.50:575][  0]LogPakFile: PakFile PathHashIndexSize=101
[2022.03.04-17.36.50:575][  0]LogPakFile: PakFile FullDirectoryIndexSize=140
[2022.03.04-17.36.50:575][  0]LogShaderLibrary: Display: ShaderCodeLibraryPakFileMountedCallback: PakFile 'C:/Program Files/Epic Games/UE_4.27/FeaturePacks/TP_Vehicle.upack' (chunk index -1, root 'root:/') mounted
[2022.03.04-17.36.50:575][  0]LogShaderLibrary: Display: ShaderCodeLibraryPakFileMountedCallback: pending pak file info (ChunkID:-1 Root:root:/ File:C:/Program Files/Epic Games/UE_4.27/FeaturePacks/TP_Vehicle.upack)
[2022.03.04-17.36.50:575][  0]LogPakFile: OnPakFileMounted2Time == 0.000023
[2022.03.04-17.36.50:575][  0]LogPakFile: PakFile PrimaryIndexSize=186
[2022.03.04-17.36.50:575][  0]LogPakFile: PakFile PathHashIndexSize=101
[2022.03.04-17.36.50:575][  0]LogPakFile: PakFile FullDirectoryIndexSize=146
[2022.03.04-17.36.50:575][  0]LogShaderLibrary: Display: ShaderCodeLibraryPakFileMountedCallback: PakFile 'C:/Program Files/Epic Games/UE_4.27/FeaturePacks/TP_VehicleAdv.upack' (chunk index -1, root 'root:/') mounted
[2022.03.04-17.36.50:575][  0]LogShaderLibrary: Display: ShaderCodeLibraryPakFileMountedCallback: pending pak file info (ChunkID:-1 Root:root:/ File:C:/Program Files/Epic Games/UE_4.27/FeaturePacks/TP_VehicleAdv.upack)
[2022.03.04-17.36.50:575][  0]LogPakFile: OnPakFileMounted2Time == 0.000023
[2022.03.04-17.36.50:575][  0]LogPakFile: PakFile PrimaryIndexSize=188
[2022.03.04-17.36.50:575][  0]LogPakFile: PakFile PathHashIndexSize=101
[2022.03.04-17.36.50:575][  0]LogPakFile: PakFile FullDirectoryIndexSize=150
[2022.03.04-17.36.50:575][  0]LogShaderLibrary: Display: ShaderCodeLibraryPakFileMountedCallback: PakFile 'C:/Program Files/Epic Games/UE_4.27/FeaturePacks/TP_VehicleAdvBP.upack' (chunk index -1, root 'root:/') mounted
[2022.03.04-17.36.50:575][  0]LogShaderLibrary: Display: ShaderCodeLibraryPakFileMountedCallback: pending pak file info (ChunkID:-1 Root:root:/ File:C:/Program Files/Epic Games/UE_4.27/FeaturePacks/TP_VehicleAdvBP.upack)
[2022.03.04-17.36.50:575][  0]LogPakFile: OnPakFileMounted2Time == 0.000029
[2022.03.04-17.36.50:575][  0]LogPakFile: PakFile PrimaryIndexSize=185
[2022.03.04-17.36.50:575][  0]LogPakFile: PakFile PathHashIndexSize=101
[2022.03.04-17.36.50:575][  0]LogPakFile: PakFile FullDirectoryIndexSize=144
[2022.03.04-17.36.50:575][  0]LogShaderLibrary: Display: ShaderCodeLibraryPakFileMountedCallback: PakFile 'C:/Program Files/Epic Games/UE_4.27/FeaturePacks/TP_VehicleBP.upack' (chunk index -1, root 'root:/') mounted
[2022.03.04-17.36.50:575][  0]LogShaderLibrary: Display: ShaderCodeLibraryPakFileMountedCallback: pending pak file info (ChunkID:-1 Root:root:/ File:C:/Program Files/Epic Games/UE_4.27/FeaturePacks/TP_VehicleBP.upack)
[2022.03.04-17.36.50:575][  0]LogPakFile: OnPakFileMounted2Time == 0.000024
[2022.03.04-17.36.50:576][  0]LogPakFile: PakFile PrimaryIndexSize=192
[2022.03.04-17.36.50:576][  0]LogPakFile: PakFile PathHashIndexSize=101
[2022.03.04-17.36.50:576][  0]LogPakFile: PakFile FullDirectoryIndexSize=158
[2022.03.04-17.36.50:576][  0]LogShaderLibrary: Display: ShaderCodeLibraryPakFileMountedCallback: PakFile 'C:/Program Files/Epic Games/UE_4.27/FeaturePacks/TP_VirtualRealityBP.upack' (chunk index -1, root 'root:/') mounted
[2022.03.04-17.36.50:576][  0]LogShaderLibrary: Display: ShaderCodeLibraryPakFileMountedCallback: pending pak file info (ChunkID:-1 Root:root:/ File:C:/Program Files/Epic Games/UE_4.27/FeaturePacks/TP_VirtualRealityBP.upack)
[2022.03.04-17.36.50:576][  0]LogPakFile: OnPakFileMounted2Time == 0.000038
[2022.03.04-17.36.50:601][  0]LogNativeClassHierarchy: Verbose: Native class hierarchy updated for 'AddContentDialog' in 0.0003 seconds. Added 0 classes and 0 folders.
[2022.03.04-17.36.50:602][  0]LogNativeClassHierarchy: Verbose: Native class hierarchy updated for 'SceneOutliner' in 0.0003 seconds. Added 2 classes and 0 folders.
[2022.03.04-17.36.50:643][  0]LogSlate: Took 0.000155 seconds to synchronously load lazily loaded font '../../../Engine/Content/Slate/Fonts/Roboto-Regular.ttf' (155K)
[2022.03.04-17.36.50:644][  0]LogSlate: Took 0.000132 seconds to synchronously load lazily loaded font '../../../Engine/Content/Editor/Slate/Fonts/FontAwesome.ttf' (139K)
[2022.03.04-17.36.50:645][  0]LogSlate: Took 0.000158 seconds to synchronously load lazily loaded font '../../../Engine/Content/Slate/Fonts/Roboto-Bold.ttf' (160K)
[2022.03.04-17.36.50:719][  0]LogRenderer: Reallocating scene render targets to support 1208x572 Format 10 NumSamples 1 (Frame:1).
[2022.03.04-17.36.50:813][  0]LogNativeClassHierarchy: Verbose: Native class hierarchy updated for 'HierarchicalLODOutliner' in 0.0002 seconds. Added 0 classes and 0 folders.
[2022.03.04-17.36.50:813][  0]LogLoad: (Engine Initialization) Total time: 6.71 seconds
[2022.03.04-17.36.50:813][  0]LogLoad: (Engine Initialization) Total Blueprint compile time: 0.00 seconds
[2022.03.04-17.36.50:862][  0]LogAssetRegistry: Asset discovery search completed in 3.8257 seconds
[2022.03.04-17.36.50:867][  0]LogCollectionManager: Fixed up redirectors for 0 collections in 0.000016 seconds (updated 0 objects)
[2022.03.04-17.36.50:876][  0]LogContentStreaming: Texture pool size now 1000 MB
[2022.03.04-17.36.50:956][  3]LogSlate: Took 0.000173 seconds to synchronously load lazily loaded font '../../../Engine/Content/Slate/Fonts/Roboto-Light.ttf' (167K)
[2022.03.04-17.36.55:749][263]LogUObjectHash: Compacting FUObjectHashTables data took   0.48ms
